{"meta": {"format": 3, "version": "7.11.3", "timestamp": "2025-12-03T21:28:11.950269", "branch_coverage": false, "show_contexts": false}, "files": {"src\\app\\__init__.py": {"executed_lines": [0], "summary": {"covered_lines": 0, "num_statements": 0, "percent_covered": 100.0, "percent_covered_display": "100", "missing_lines": 0, "excluded_lines": 0}, "missing_lines": [], "excluded_lines": [], "functions": {"": {"executed_lines": [], "summary": {"covered_lines": 0, "num_statements": 0, "percent_covered": 100.0, "percent_covered_display": "100", "missing_lines": 0, "excluded_lines": 0}, "missing_lines": [], "excluded_lines": []}}, "classes": {"": {"executed_lines": [], "summary": {"covered_lines": 0, "num_statements": 0, "percent_covered": 100.0, "percent_covered_display": "100", "missing_lines": 0, "excluded_lines": 0}, "missing_lines": [], "excluded_lines": []}}}, "src\\app\\api\\__init__.py": {"executed_lines": [1, 3, 5, 6], "summary": {"covered_lines": 4, "num_statements": 4, "percent_covered": 100.0, "percent_covered_display": "100", "missing_lines": 0, "excluded_lines": 0}, "missing_lines": [], "excluded_lines": [], "functions": {"": {"executed_lines": [1, 3, 5, 6], "summary": {"covered_lines": 4, "num_statements": 4, "percent_covered": 100.0, "percent_covered_display": "100", "missing_lines": 0, "excluded_lines": 0}, "missing_lines": [], "excluded_lines": []}}, "classes": {"": {"executed_lines": [1, 3, 5, 6], "summary": {"covered_lines": 4, "num_statements": 4, "percent_covered": 100.0, "percent_covered_display": "100", "missing_lines": 0, "excluded_lines": 0}, "missing_lines": [], "excluded_lines": []}}}, "src\\app\\api\\dependencies.py": {"executed_lines": [1, 3, 4, 6, 7, 8, 9, 10, 11, 12, 13, 14, 15, 16, 18, 20, 21, 24, 63, 89, 96], "summary": {"covered_lines": 21, "num_statements": 80, "percent_covered": 26.25, "percent_covered_display": "26", "missing_lines": 59, "excluded_lines": 0}, "missing_lines": [27, 29, 30, 31, 34, 36, 38, 39, 41, 42, 43, 44, 46, 47, 48, 51, 60, 64, 65, 66, 68, 69, 70, 71, 73, 74, 75, 77, 79, 80, 81, 82, 84, 85, 86, 90, 91, 93, 99, 100, 102, 103, 104, 105, 106, 107, 108, 109, 110, 111, 113, 117, 119, 120, 122, 123, 125, 126, 127], "excluded_lines": [], "functions": {"get_current_user": {"executed_lines": [], "summary": {"covered_lines": 0, "num_statements": 17, "percent_covered": 0.0, "percent_covered_display": "0", "missing_lines": 17, "excluded_lines": 0}, "missing_lines": [27, 29, 30, 31, 34, 36, 38, 39, 41, 42, 43, 44, 46, 47, 48, 51, 60], "excluded_lines": []}, "get_optional_user": {"executed_lines": [], "summary": {"covered_lines": 0, "num_statements": 18, "percent_covered": 0.0, "percent_covered_display": "0", "missing_lines": 18, "excluded_lines": 0}, "missing_lines": [64, 65, 66, 68, 69, 70, 71, 73, 74, 75, 77, 79, 80, 81, 82, 84, 85, 86], "excluded_lines": []}, "get_current_superuser": {"executed_lines": [], "summary": {"covered_lines": 0, "num_statements": 3, "percent_covered": 0.0, "percent_covered_display": "0", "missing_lines": 3, "excluded_lines": 0}, "missing_lines": [90, 91, 93], "excluded_lines": []}, "rate_limiter_dependency": {"executed_lines": [], "summary": {"covered_lines": 0, "num_statements": 21, "percent_covered": 0.0, "percent_covered_display": "0", "missing_lines": 21, "excluded_lines": 0}, "missing_lines": [99, 100, 102, 103, 104, 105, 106, 107, 108, 109, 110, 111, 113, 117, 119, 120, 122, 123, 125, 126, 127], "excluded_lines": []}, "": {"executed_lines": [1, 3, 4, 6, 7, 8, 9, 10, 11, 12, 13, 14, 15, 16, 18, 20, 21, 24, 63, 89, 96], "summary": {"covered_lines": 21, "num_statements": 21, "percent_covered": 100.0, "percent_covered_display": "100", "missing_lines": 0, "excluded_lines": 0}, "missing_lines": [], "excluded_lines": []}}, "classes": {"": {"executed_lines": [1, 3, 4, 6, 7, 8, 9, 10, 11, 12, 13, 14, 15, 16, 18, 20, 21, 24, 63, 89, 96], "summary": {"covered_lines": 21, "num_statements": 80, "percent_covered": 26.25, "percent_covered_display": "26", "missing_lines": 59, "excluded_lines": 0}, "missing_lines": [27, 29, 30, 31, 34, 36, 38, 39, 41, 42, 43, 44, 46, 47, 48, 51, 60, 64, 65, 66, 68, 69, 70, 71, 73, 74, 75, 77, 79, 80, 81, 82, 84, 85, 86, 90, 91, 93, 99, 100, 102, 103, 104, 105, 106, 107, 108, 109, 110, 111, 113, 117, 119, 120, 122, 123, 125, 126, 127], "excluded_lines": []}}}, "src\\app\\api\\v1\\__init__.py": {"executed_lines": [1, 3, 4, 5, 6, 7, 8, 9, 10, 11, 12, 13, 14, 15, 16, 17, 18, 19, 20, 21, 22, 23, 27, 30, 32, 33, 34, 35, 36, 37, 41, 42, 43, 45, 46, 47, 48, 50, 51, 53, 54, 57, 58, 59, 66, 67, 68, 69, 70, 71, 72, 73, 74, 75, 76, 77, 78, 79, 80, 81, 82, 83, 84, 85, 86, 87], "summary": {"covered_lines": 66, "num_statements": 70, "percent_covered": 94.28571428571429, "percent_covered_display": "94", "missing_lines": 4, "excluded_lines": 0}, "missing_lines": [60, 61, 63, 64], "excluded_lines": [], "functions": {"": {"executed_lines": [1, 3, 4, 5, 6, 7, 8, 9, 10, 11, 12, 13, 14, 15, 16, 17, 18, 19, 20, 21, 22, 23, 27, 30, 32, 33, 34, 35, 36, 37, 41, 42, 43, 45, 46, 47, 48, 50, 51, 53, 54, 57, 58, 59, 66, 67, 68, 69, 70, 71, 72, 73, 74, 75, 76, 77, 78, 79, 80, 81, 82, 83, 84, 85, 86, 87], "summary": {"covered_lines": 66, "num_statements": 70, "percent_covered": 94.28571428571429, "percent_covered_display": "94", "missing_lines": 4, "excluded_lines": 0}, "missing_lines": [60, 61, 63, 64], "excluded_lines": []}}, "classes": {"": {"executed_lines": [1, 3, 4, 5, 6, 7, 8, 9, 10, 11, 12, 13, 14, 15, 16, 17, 18, 19, 20, 21, 22, 23, 27, 30, 32, 33, 34, 35, 36, 37, 41, 42, 43, 45, 46, 47, 48, 50, 51, 53, 54, 57, 58, 59, 66, 67, 68, 69, 70, 71, 72, 73, 74, 75, 76, 77, 78, 79, 80, 81, 82, 83, 84, 85, 86, 87], "summary": {"covered_lines": 66, "num_statements": 70, "percent_covered": 94.28571428571429, "percent_covered_display": "94", "missing_lines": 4, "excluded_lines": 0}, "missing_lines": [60, 61, 63, 64], "excluded_lines": []}}}, "src\\app\\api\\v1\\analytics.py": {"executed_lines": [1, 2, 4, 5, 6, 8, 9, 10, 11, 12, 13, 14, 15, 16, 23, 26, 27, 69, 70, 229, 230, 256, 257], "summary": {"covered_lines": 23, "num_statements": 141, "percent_covered": 16.31205673758865, "percent_covered_display": "16", "missing_lines": 118, "excluded_lines": 0}, "missing_lines": [42, 43, 44, 45, 46, 47, 49, 51, 55, 56, 58, 66, 82, 83, 84, 85, 86, 87, 89, 92, 98, 101, 102, 103, 104, 105, 108, 110, 111, 114, 120, 122, 123, 124, 127, 128, 129, 131, 136, 143, 149, 152, 153, 154, 156, 157, 158, 159, 160, 161, 162, 165, 166, 167, 168, 173, 174, 175, 178, 179, 181, 183, 190, 201, 203, 210, 213, 214, 216, 218, 241, 242, 243, 245, 253, 268, 269, 272, 273, 274, 277, 278, 284, 287, 288, 289, 290, 292, 293, 294, 295, 297, 300, 307, 309, 310, 313, 319, 321, 322, 323, 324, 325, 331, 332, 335, 336, 338, 339, 340, 342, 345, 355, 361, 363, 365, 367, 369], "excluded_lines": [], "functions": {"get_volume_tracking": {"executed_lines": [], "summary": {"covered_lines": 0, "num_statements": 12, "percent_covered": 0.0, "percent_covered_display": "0", "missing_lines": 12, "excluded_lines": 0}, "missing_lines": [42, 43, 44, 45, 46, 47, 49, 51, 55, 56, 58, 66], "excluded_lines": []}, "calculate_volume_tracking": {"executed_lines": [], "summary": {"covered_lines": 0, "num_statements": 58, "percent_covered": 0.0, "percent_covered_display": "0", "missing_lines": 58, "excluded_lines": 0}, "missing_lines": [82, 83, 84, 85, 86, 87, 89, 92, 98, 101, 102, 103, 104, 105, 108, 110, 111, 114, 120, 122, 123, 124, 127, 128, 129, 131, 136, 143, 149, 152, 153, 154, 156, 157, 158, 159, 160, 161, 162, 165, 166, 167, 168, 173, 174, 175, 178, 179, 181, 183, 190, 201, 203, 210, 213, 214, 216, 218], "excluded_lines": []}, "get_strength_progression": {"executed_lines": [], "summary": {"covered_lines": 0, "num_statements": 5, "percent_covered": 0.0, "percent_covered_display": "0", "missing_lines": 5, "excluded_lines": 0}, "missing_lines": [241, 242, 243, 245, 253], "excluded_lines": []}, "calculate_strength_progression": {"executed_lines": [], "summary": {"covered_lines": 0, "num_statements": 43, "percent_covered": 0.0, "percent_covered_display": "0", "missing_lines": 43, "excluded_lines": 0}, "missing_lines": [268, 269, 272, 273, 274, 277, 278, 284, 287, 288, 289, 290, 292, 293, 294, 295, 297, 300, 307, 309, 310, 313, 319, 321, 322, 323, 324, 325, 331, 332, 335, 336, 338, 339, 340, 342, 345, 355, 361, 363, 365, 367, 369], "excluded_lines": []}, "": {"executed_lines": [1, 2, 4, 5, 6, 8, 9, 10, 11, 12, 13, 14, 15, 16, 23, 26, 27, 69, 70, 229, 230, 256, 257], "summary": {"covered_lines": 23, "num_statements": 23, "percent_covered": 100.0, "percent_covered_display": "100", "missing_lines": 0, "excluded_lines": 0}, "missing_lines": [], "excluded_lines": []}}, "classes": {"": {"executed_lines": [1, 2, 4, 5, 6, 8, 9, 10, 11, 12, 13, 14, 15, 16, 23, 26, 27, 69, 70, 229, 230, 256, 257], "summary": {"covered_lines": 23, "num_statements": 141, "percent_covered": 16.31205673758865, "percent_covered_display": "16", "missing_lines": 118, "excluded_lines": 0}, "missing_lines": [42, 43, 44, 45, 46, 47, 49, 51, 55, 56, 58, 66, 82, 83, 84, 85, 86, 87, 89, 92, 98, 101, 102, 103, 104, 105, 108, 110, 111, 114, 120, 122, 123, 124, 127, 128, 129, 131, 136, 143, 149, 152, 153, 154, 156, 157, 158, 159, 160, 161, 162, 165, 166, 167, 168, 173, 174, 175, 178, 179, 181, 183, 190, 201, 203, 210, 213, 214, 216, 218, 241, 242, 243, 245, 253, 268, 269, 272, 273, 274, 277, 278, 284, 287, 288, 289, 290, 292, 293, 294, 295, 297, 300, 307, 309, 310, 313, 319, 321, 322, 323, 324, 325, 331, 332, 335, 336, 338, 339, 340, 342, 345, 355, 361, 363, 365, 367, 369], "excluded_lines": []}}}, "src\\app\\api\\v1\\dashboard.py": {"executed_lines": [1, 2, 4, 5, 6, 8, 9, 10, 11, 12, 14, 17, 18], "summary": {"covered_lines": 13, "num_statements": 73, "percent_covered": 17.80821917808219, "percent_covered_display": "18", "missing_lines": 60, "excluded_lines": 0}, "missing_lines": [40, 43, 44, 45, 46, 47, 48, 49, 51, 54, 61, 62, 65, 66, 67, 69, 71, 73, 75, 76, 77, 79, 81, 83, 84, 85, 87, 88, 89, 90, 93, 98, 99, 100, 101, 104, 105, 106, 113, 114, 118, 121, 122, 123, 124, 125, 126, 129, 130, 131, 133, 136, 137, 139, 145, 146, 148, 149, 150, 157], "excluded_lines": [], "functions": {"get_dashboard_stats": {"executed_lines": [], "summary": {"covered_lines": 0, "num_statements": 60, "percent_covered": 0.0, "percent_covered_display": "0", "missing_lines": 60, "excluded_lines": 0}, "missing_lines": [40, 43, 44, 45, 46, 47, 48, 49, 51, 54, 61, 62, 65, 66, 67, 69, 71, 73, 75, 76, 77, 79, 81, 83, 84, 85, 87, 88, 89, 90, 93, 98, 99, 100, 101, 104, 105, 106, 113, 114, 118, 121, 122, 123, 124, 125, 126, 129, 130, 131, 133, 136, 137, 139, 145, 146, 148, 149, 150, 157], "excluded_lines": []}, "": {"executed_lines": [1, 2, 4, 5, 6, 8, 9, 10, 11, 12, 14, 17, 18], "summary": {"covered_lines": 13, "num_statements": 13, "percent_covered": 100.0, "percent_covered_display": "100", "missing_lines": 0, "excluded_lines": 0}, "missing_lines": [], "excluded_lines": []}}, "classes": {"": {"executed_lines": [1, 2, 4, 5, 6, 8, 9, 10, 11, 12, 14, 17, 18], "summary": {"covered_lines": 13, "num_statements": 73, "percent_covered": 17.80821917808219, "percent_covered_display": "18", "missing_lines": 60, "excluded_lines": 0}, "missing_lines": [40, 43, 44, 45, 46, 47, 48, 49, 51, 54, 61, 62, 65, 66, 67, 69, 71, 73, 75, 76, 77, 79, 81, 83, 84, 85, 87, 88, 89, 90, 93, 98, 99, 100, 101, 104, 105, 106, 113, 114, 118, 121, 122, 123, 124, 125, 126, 129, 130, 131, 133, 136, 137, 139, 145, 146, 148, 149, 150, 157], "excluded_lines": []}}}, "src\\app\\api\\v1\\equipment.py": {"executed_lines": [1, 2, 3, 5, 6, 7, 8, 9, 10, 12, 13, 14, 15, 16, 18, 21, 22, 43, 44, 72, 73, 86, 87, 111, 112, 132, 133, 181, 182, 294, 295], "summary": {"covered_lines": 31, "num_statements": 208, "percent_covered": 14.903846153846153, "percent_covered_display": "15", "missing_lines": 177, "excluded_lines": 0}, "missing_lines": [29, 30, 33, 34, 35, 37, 38, 40, 54, 55, 57, 58, 59, 61, 69, 79, 80, 81, 83, 95, 96, 98, 99, 100, 102, 103, 104, 105, 107, 108, 119, 120, 122, 123, 124, 126, 127, 129, 139, 140, 143, 149, 152, 153, 156, 159, 160, 161, 162, 163, 165, 166, 167, 169, 171, 174, 193, 194, 197, 198, 201, 202, 203, 206, 212, 215, 216, 217, 218, 220, 221, 223, 224, 225, 226, 229, 230, 231, 232, 233, 234, 236, 237, 238, 241, 243, 245, 246, 247, 248, 249, 251, 252, 253, 255, 256, 257, 258, 260, 261, 262, 263, 265, 268, 269, 270, 271, 272, 274, 277, 278, 280, 281, 282, 283, 285, 309, 310, 312, 314, 316, 317, 322, 323, 324, 325, 327, 328, 329, 331, 332, 335, 341, 342, 343, 344, 345, 347, 348, 351, 352, 354, 355, 356, 357, 359, 360, 361, 362, 363, 365, 366, 367, 368, 369, 372, 374, 376, 377, 379, 384, 387, 388, 389, 390, 391, 393, 396, 397, 399, 400, 401, 402, 404, 405, 406, 415], "excluded_lines": [], "functions": {"create_equipment": {"executed_lines": [], "summary": {"covered_lines": 0, "num_statements": 8, "percent_covered": 0.0, "percent_covered_display": "0", "missing_lines": 8, "excluded_lines": 0}, "missing_lines": [29, 30, 33, 34, 35, 37, 38, 40], "excluded_lines": []}, "get_equipment": {"executed_lines": [], "summary": {"covered_lines": 0, "num_statements": 7, "percent_covered": 0.0, "percent_covered_display": "0", "missing_lines": 7, "excluded_lines": 0}, "missing_lines": [54, 55, 57, 58, 59, 61, 69], "excluded_lines": []}, "get_equipment_item": {"executed_lines": [], "summary": {"covered_lines": 0, "num_statements": 4, "percent_covered": 0.0, "percent_covered_display": "0", "missing_lines": 4, "excluded_lines": 0}, "missing_lines": [79, 80, 81, 83], "excluded_lines": []}, "update_equipment": {"executed_lines": [], "summary": {"covered_lines": 0, "num_statements": 11, "percent_covered": 0.0, "percent_covered_display": "0", "missing_lines": 11, "excluded_lines": 0}, "missing_lines": [95, 96, 98, 99, 100, 102, 103, 104, 105, 107, 108], "excluded_lines": []}, "delete_equipment": {"executed_lines": [], "summary": {"covered_lines": 0, "num_statements": 8, "percent_covered": 0.0, "percent_covered_display": "0", "missing_lines": 8, "excluded_lines": 0}, "missing_lines": [119, 120, 122, 123, 124, 126, 127, 129], "excluded_lines": []}, "export_equipment": {"executed_lines": [], "summary": {"covered_lines": 0, "num_statements": 18, "percent_covered": 0.0, "percent_covered_display": "0", "missing_lines": 18, "excluded_lines": 0}, "missing_lines": [139, 140, 143, 149, 152, 153, 156, 159, 160, 161, 162, 163, 165, 166, 167, 169, 171, 174], "excluded_lines": []}, "import_equipment": {"executed_lines": [], "summary": {"covered_lines": 0, "num_statements": 60, "percent_covered": 0.0, "percent_covered_display": "0", "missing_lines": 60, "excluded_lines": 0}, "missing_lines": [193, 194, 197, 198, 201, 202, 203, 206, 212, 215, 216, 217, 218, 220, 221, 223, 224, 225, 226, 229, 230, 231, 232, 233, 234, 236, 237, 238, 241, 243, 245, 246, 247, 248, 249, 251, 252, 253, 255, 256, 257, 258, 260, 261, 262, 263, 265, 268, 269, 270, 271, 272, 274, 277, 278, 280, 281, 282, 283, 285], "excluded_lines": []}, "sync_equipment_from_wger": {"executed_lines": [], "summary": {"covered_lines": 0, "num_statements": 61, "percent_covered": 0.0, "percent_covered_display": "0", "missing_lines": 61, "excluded_lines": 0}, "missing_lines": [309, 310, 312, 314, 316, 317, 322, 323, 324, 325, 327, 328, 329, 331, 332, 335, 341, 342, 343, 344, 345, 347, 348, 351, 352, 354, 355, 356, 357, 359, 360, 361, 362, 363, 365, 366, 367, 368, 369, 372, 374, 376, 377, 379, 384, 387, 388, 389, 390, 391, 393, 396, 397, 399, 400, 401, 402, 404, 405, 406, 415], "excluded_lines": []}, "": {"executed_lines": [1, 2, 3, 5, 6, 7, 8, 9, 10, 12, 13, 14, 15, 16, 18, 21, 22, 43, 44, 72, 73, 86, 87, 111, 112, 132, 133, 181, 182, 294, 295], "summary": {"covered_lines": 31, "num_statements": 31, "percent_covered": 100.0, "percent_covered_display": "100", "missing_lines": 0, "excluded_lines": 0}, "missing_lines": [], "excluded_lines": []}}, "classes": {"": {"executed_lines": [1, 2, 3, 5, 6, 7, 8, 9, 10, 12, 13, 14, 15, 16, 18, 21, 22, 43, 44, 72, 73, 86, 87, 111, 112, 132, 133, 181, 182, 294, 295], "summary": {"covered_lines": 31, "num_statements": 208, "percent_covered": 14.903846153846153, "percent_covered_display": "15", "missing_lines": 177, "excluded_lines": 0}, "missing_lines": [29, 30, 33, 34, 35, 37, 38, 40, 54, 55, 57, 58, 59, 61, 69, 79, 80, 81, 83, 95, 96, 98, 99, 100, 102, 103, 104, 105, 107, 108, 119, 120, 122, 123, 124, 126, 127, 129, 139, 140, 143, 149, 152, 153, 156, 159, 160, 161, 162, 163, 165, 166, 167, 169, 171, 174, 193, 194, 197, 198, 201, 202, 203, 206, 212, 215, 216, 217, 218, 220, 221, 223, 224, 225, 226, 229, 230, 231, 232, 233, 234, 236, 237, 238, 241, 243, 245, 246, 247, 248, 249, 251, 252, 253, 255, 256, 257, 258, 260, 261, 262, 263, 265, 268, 269, 270, 271, 272, 274, 277, 278, 280, 281, 282, 283, 285, 309, 310, 312, 314, 316, 317, 322, 323, 324, 325, 327, 328, 329, 331, 332, 335, 341, 342, 343, 344, 345, 347, 348, 351, 352, 354, 355, 356, 357, 359, 360, 361, 362, 363, 365, 366, 367, 368, 369, 372, 374, 376, 377, 379, 384, 387, 388, 389, 390, 391, 393, 396, 397, 399, 400, 401, 402, 404, 405, 406, 415], "excluded_lines": []}}}, "src\\app\\api\\v1\\exercise_equipment.py": {"executed_lines": [1, 3, 4, 5, 7, 8, 9, 10, 11, 12, 13, 15, 18, 19, 47, 48, 76, 77], "summary": {"covered_lines": 18, "num_statements": 55, "percent_covered": 32.72727272727273, "percent_covered_display": "33", "missing_lines": 37, "excluded_lines": 0}, "missing_lines": [27, 28, 31, 32, 33, 36, 37, 38, 41, 42, 44, 56, 57, 60, 61, 62, 65, 66, 67, 70, 71, 73, 86, 87, 88, 91, 94, 95, 96, 97, 98, 99, 102, 103, 104, 105, 107], "excluded_lines": [], "functions": {"link_equipment_to_exercise": {"executed_lines": [], "summary": {"covered_lines": 0, "num_statements": 11, "percent_covered": 0.0, "percent_covered_display": "0", "missing_lines": 11, "excluded_lines": 0}, "missing_lines": [27, 28, 31, 32, 33, 36, 37, 38, 41, 42, 44], "excluded_lines": []}, "unlink_equipment_from_exercise": {"executed_lines": [], "summary": {"covered_lines": 0, "num_statements": 11, "percent_covered": 0.0, "percent_covered_display": "0", "missing_lines": 11, "excluded_lines": 0}, "missing_lines": [56, 57, 60, 61, 62, 65, 66, 67, 70, 71, 73], "excluded_lines": []}, "get_exercise_equipment": {"executed_lines": [], "summary": {"covered_lines": 0, "num_statements": 15, "percent_covered": 0.0, "percent_covered_display": "0", "missing_lines": 15, "excluded_lines": 0}, "missing_lines": [86, 87, 88, 91, 94, 95, 96, 97, 98, 99, 102, 103, 104, 105, 107], "excluded_lines": []}, "": {"executed_lines": [1, 3, 4, 5, 7, 8, 9, 10, 11, 12, 13, 15, 18, 19, 47, 48, 76, 77], "summary": {"covered_lines": 18, "num_statements": 18, "percent_covered": 100.0, "percent_covered_display": "100", "missing_lines": 0, "excluded_lines": 0}, "missing_lines": [], "excluded_lines": []}}, "classes": {"": {"executed_lines": [1, 3, 4, 5, 7, 8, 9, 10, 11, 12, 13, 15, 18, 19, 47, 48, 76, 77], "summary": {"covered_lines": 18, "num_statements": 55, "percent_covered": 32.72727272727273, "percent_covered_display": "33", "missing_lines": 37, "excluded_lines": 0}, "missing_lines": [27, 28, 31, 32, 33, 36, 37, 38, 41, 42, 44, 56, 57, 60, 61, 62, 65, 66, 67, 70, 71, 73, 86, 87, 88, 91, 94, 95, 96, 97, 98, 99, 102, 103, 104, 105, 107], "excluded_lines": []}}}, "src\\app\\api\\v1\\exercises.py": {"executed_lines": [1, 2, 3, 5, 6, 7, 8, 9, 10, 11, 13, 14, 15, 16, 17, 23, 24, 25, 26, 28, 31, 32, 40, 41, 42, 45, 48, 49, 50, 51, 54, 55, 56, 57, 58, 61, 68, 71, 72, 73, 76, 77, 84, 85, 87, 88, 93, 94, 98, 107, 108, 122, 125, 126, 127, 130, 262, 372, 381, 382, 385, 386, 388, 391, 393, 399, 400, 401, 402, 405, 406, 412, 413, 416, 417, 418, 419, 420, 421, 427, 428, 429, 430, 431, 432, 435, 436, 440, 441, 482, 484, 493, 494, 501, 502, 503, 506, 509, 510, 513, 514, 518, 519, 521, 527, 528, 529, 530, 531, 534, 535, 538, 542, 543, 546, 547, 548, 549, 550, 551, 552, 555, 556, 565, 577, 578, 581, 584, 588, 591, 592, 600, 601, 602, 605, 606, 607, 608, 609, 610, 613, 614, 617, 618, 621, 630, 637, 638, 646, 647, 648, 651, 657, 660, 661, 668, 669, 670, 672, 673, 676, 677, 741, 742, 912, 913], "summary": {"covered_lines": 166, "num_statements": 670, "percent_covered": 24.776119402985074, "percent_covered_display": "25", "missing_lines": 504, "excluded_lines": 0}, "missing_lines": [46, 62, 63, 64, 65, 78, 81, 96, 104, 131, 132, 134, 138, 147, 148, 150, 151, 154, 161, 162, 164, 165, 166, 169, 170, 173, 174, 176, 178, 184, 185, 186, 187, 190, 191, 192, 193, 194, 196, 199, 200, 203, 204, 205, 206, 209, 210, 211, 212, 213, 214, 217, 218, 219, 222, 223, 224, 225, 226, 227, 228, 229, 232, 233, 234, 235, 236, 238, 258, 263, 264, 267, 268, 269, 270, 272, 273, 276, 277, 278, 279, 280, 283, 284, 287, 288, 290, 296, 297, 298, 299, 302, 303, 304, 305, 306, 308, 311, 312, 315, 316, 317, 318, 321, 322, 323, 324, 325, 326, 329, 330, 331, 334, 335, 336, 337, 338, 339, 340, 341, 344, 345, 346, 347, 349, 369, 407, 408, 409, 423, 424, 437, 442, 443, 444, 445, 446, 447, 450, 451, 452, 454, 455, 456, 457, 458, 461, 464, 468, 469, 470, 471, 474, 477, 511, 515, 539, 540, 557, 558, 559, 560, 561, 562, 566, 567, 570, 573, 612, 616, 622, 623, 624, 625, 626, 627, 631, 632, 633, 634, 639, 640, 641, 642, 643, 652, 655, 684, 690, 693, 698, 699, 705, 706, 709, 712, 713, 714, 715, 716, 717, 719, 720, 721, 722, 724, 725, 726, 727, 729, 731, 734, 754, 755, 758, 759, 760, 763, 769, 772, 773, 774, 775, 777, 778, 781, 786, 787, 788, 789, 790, 791, 793, 794, 795, 797, 798, 799, 800, 803, 804, 805, 806, 807, 808, 811, 812, 813, 814, 816, 817, 818, 819, 822, 823, 824, 825, 826, 827, 828, 829, 832, 833, 834, 835, 836, 837, 838, 839, 840, 841, 842, 845, 846, 849, 851, 853, 854, 855, 856, 857, 858, 860, 861, 862, 863, 864, 867, 874, 876, 882, 883, 885, 888, 894, 895, 897, 898, 899, 901, 903, 928, 930, 932, 933, 934, 936, 937, 938, 939, 940, 942, 943, 944, 945, 946, 948, 949, 950, 960, 965, 966, 967, 968, 969, 970, 972, 973, 974, 977, 979, 984, 985, 986, 987, 989, 990, 991, 993, 994, 997, 1003, 1004, 1005, 1006, 1007, 1009, 1010, 1013, 1014, 1015, 1017, 1018, 1019, 1020, 1021, 1023, 1024, 1025, 1026, 1028, 1029, 1031, 1032, 1034, 1037, 1038, 1039, 1040, 1041, 1042, 1043, 1044, 1046, 1047, 1048, 1049, 1050, 1052, 1053, 1054, 1057, 1058, 1060, 1061, 1062, 1063, 1064, 1066, 1067, 1068, 1069, 1070, 1072, 1073, 1075, 1076, 1078, 1079, 1080, 1083, 1084, 1087, 1088, 1089, 1091, 1092, 1093, 1094, 1095, 1099, 1102, 1103, 1105, 1106, 1107, 1108, 1109, 1110, 1111, 1112, 1113, 1114, 1118, 1120, 1121, 1124, 1125, 1126, 1127, 1128, 1130, 1131, 1133, 1134, 1135, 1136, 1137, 1138, 1139, 1140, 1141, 1142, 1146, 1148, 1149, 1152, 1155, 1156, 1159, 1160, 1161, 1163, 1165, 1166, 1167, 1168, 1169, 1171, 1172, 1173, 1174, 1177, 1183, 1185, 1186, 1195, 1198, 1199, 1200, 1201, 1202, 1204, 1207, 1208, 1214, 1215, 1217, 1221, 1222, 1224, 1226, 1229, 1231, 1232, 1234, 1235, 1236, 1237, 1239, 1240, 1241, 1242, 1244, 1245, 1246, 1247, 1248, 1251, 1252, 1253, 1254, 1255, 1257], "excluded_lines": [], "functions": {"create_exercise": {"executed_lines": [40, 41, 42, 45, 48, 49, 50, 51, 54, 55, 56, 57, 58, 61, 68, 71, 72, 73, 76, 77, 84, 85, 87, 88, 93, 94, 98], "summary": {"covered_lines": 27, "num_statements": 36, "percent_covered": 75.0, "percent_covered_display": "75", "missing_lines": 9, "excluded_lines": 0}, "missing_lines": [46, 62, 63, 64, 65, 78, 81, 96, 104], "excluded_lines": []}, "read_exercises": {"executed_lines": [122, 125, 126, 127, 130, 262, 372, 381, 382, 385, 386, 388, 391, 393, 399, 400, 401, 402, 405, 406, 412, 413, 416, 417, 418, 419, 420, 421, 427, 428, 429, 430, 431, 432, 435, 436, 440, 441, 482, 484], "summary": {"covered_lines": 40, "num_statements": 185, "percent_covered": 21.62162162162162, "percent_covered_display": "22", "missing_lines": 145, "excluded_lines": 0}, "missing_lines": [131, 132, 134, 138, 147, 148, 150, 151, 154, 161, 162, 164, 165, 166, 169, 170, 173, 174, 176, 178, 184, 185, 186, 187, 190, 191, 192, 193, 194, 196, 199, 200, 203, 204, 205, 206, 209, 210, 211, 212, 213, 214, 217, 218, 219, 222, 223, 224, 225, 226, 227, 228, 229, 232, 233, 234, 235, 236, 238, 258, 263, 264, 267, 268, 269, 270, 272, 273, 276, 277, 278, 279, 280, 283, 284, 287, 288, 290, 296, 297, 298, 299, 302, 303, 304, 305, 306, 308, 311, 312, 315, 316, 317, 318, 321, 322, 323, 324, 325, 326, 329, 330, 331, 334, 335, 336, 337, 338, 339, 340, 341, 344, 345, 346, 347, 349, 369, 407, 408, 409, 423, 424, 437, 442, 443, 444, 445, 446, 447, 450, 451, 452, 454, 455, 456, 457, 458, 461, 464, 468, 469, 470, 471, 474, 477], "excluded_lines": []}, "read_exercise": {"executed_lines": [501, 502, 503, 506, 509, 510, 513, 514, 518, 519, 521, 527, 528, 529, 530, 531, 534, 535, 538, 542, 543, 546, 547, 548, 549, 550, 551, 552, 555, 556, 565, 577, 578, 581, 584, 588], "summary": {"covered_lines": 36, "num_statements": 50, "percent_covered": 72.0, "percent_covered_display": "72", "missing_lines": 14, "excluded_lines": 0}, "missing_lines": [511, 515, 539, 540, 557, 558, 559, 560, 561, 562, 566, 567, 570, 573], "excluded_lines": []}, "update_exercise": {"executed_lines": [600, 601, 602, 605, 606, 607, 608, 609, 610, 613, 614, 617, 618, 621, 630, 637, 638, 646, 647, 648, 651, 657], "summary": {"covered_lines": 22, "num_statements": 41, "percent_covered": 53.65853658536585, "percent_covered_display": "54", "missing_lines": 19, "excluded_lines": 0}, "missing_lines": [612, 616, 622, 623, 624, 625, 626, 627, 631, 632, 633, 634, 639, 640, 641, 642, 643, 652, 655], "excluded_lines": []}, "delete_exercise": {"executed_lines": [668, 669, 670, 672, 673], "summary": {"covered_lines": 5, "num_statements": 5, "percent_covered": 100.0, "percent_covered_display": "100", "missing_lines": 0, "excluded_lines": 0}, "missing_lines": [], "excluded_lines": []}, "export_exercises": {"executed_lines": [], "summary": {"covered_lines": 0, "num_statements": 25, "percent_covered": 0.0, "percent_covered_display": "0", "missing_lines": 25, "excluded_lines": 0}, "missing_lines": [684, 690, 693, 698, 699, 705, 706, 709, 712, 713, 714, 715, 716, 717, 719, 720, 721, 722, 724, 725, 726, 727, 729, 731, 734], "excluded_lines": []}, "import_exercises": {"executed_lines": [], "summary": {"covered_lines": 0, "num_statements": 89, "percent_covered": 0.0, "percent_covered_display": "0", "missing_lines": 89, "excluded_lines": 0}, "missing_lines": [754, 755, 758, 759, 760, 763, 769, 772, 773, 774, 775, 777, 778, 781, 786, 787, 788, 789, 790, 791, 793, 794, 795, 797, 798, 799, 800, 803, 804, 805, 806, 807, 808, 811, 812, 813, 814, 816, 817, 818, 819, 822, 823, 824, 825, 826, 827, 828, 829, 832, 833, 834, 835, 836, 837, 838, 839, 840, 841, 842, 845, 846, 849, 851, 853, 854, 855, 856, 857, 858, 860, 861, 862, 863, 864, 867, 874, 876, 882, 883, 885, 888, 894, 895, 897, 898, 899, 901, 903], "excluded_lines": []}, "sync_exercises_from_wger": {"executed_lines": [], "summary": {"covered_lines": 0, "num_statements": 203, "percent_covered": 0.0, "percent_covered_display": "0", "missing_lines": 203, "excluded_lines": 0}, "missing_lines": [928, 930, 932, 933, 934, 936, 937, 938, 939, 940, 942, 943, 944, 945, 946, 948, 949, 950, 960, 965, 966, 967, 968, 969, 970, 972, 973, 974, 977, 979, 984, 985, 986, 987, 989, 990, 991, 993, 994, 997, 1003, 1004, 1005, 1006, 1007, 1009, 1010, 1013, 1014, 1015, 1017, 1018, 1019, 1020, 1021, 1023, 1024, 1025, 1026, 1028, 1029, 1031, 1032, 1034, 1037, 1038, 1039, 1040, 1041, 1042, 1043, 1044, 1046, 1047, 1048, 1049, 1050, 1052, 1053, 1054, 1057, 1058, 1060, 1061, 1062, 1063, 1064, 1066, 1067, 1068, 1069, 1070, 1072, 1073, 1075, 1076, 1078, 1079, 1080, 1083, 1084, 1087, 1088, 1089, 1091, 1092, 1093, 1094, 1095, 1099, 1102, 1103, 1105, 1106, 1107, 1108, 1109, 1110, 1111, 1112, 1113, 1114, 1118, 1120, 1121, 1124, 1125, 1126, 1127, 1128, 1130, 1131, 1133, 1134, 1135, 1136, 1137, 1138, 1139, 1140, 1141, 1142, 1146, 1148, 1149, 1152, 1155, 1156, 1159, 1160, 1161, 1163, 1165, 1166, 1167, 1168, 1169, 1171, 1172, 1173, 1174, 1177, 1183, 1185, 1186, 1195, 1198, 1199, 1200, 1201, 1202, 1204, 1207, 1208, 1214, 1215, 1217, 1221, 1222, 1224, 1226, 1229, 1231, 1232, 1234, 1235, 1236, 1237, 1239, 1240, 1241, 1242, 1244, 1245, 1246, 1247, 1248, 1251, 1252, 1253, 1254, 1255, 1257], "excluded_lines": []}, "": {"executed_lines": [1, 2, 3, 5, 6, 7, 8, 9, 10, 11, 13, 14, 15, 16, 17, 23, 24, 25, 26, 28, 31, 32, 107, 108, 493, 494, 591, 592, 660, 661, 676, 677, 741, 742, 912, 913], "summary": {"covered_lines": 36, "num_statements": 36, "percent_covered": 100.0, "percent_covered_display": "100", "missing_lines": 0, "excluded_lines": 0}, "missing_lines": [], "excluded_lines": []}}, "classes": {"": {"executed_lines": [1, 2, 3, 5, 6, 7, 8, 9, 10, 11, 13, 14, 15, 16, 17, 23, 24, 25, 26, 28, 31, 32, 40, 41, 42, 45, 48, 49, 50, 51, 54, 55, 56, 57, 58, 61, 68, 71, 72, 73, 76, 77, 84, 85, 87, 88, 93, 94, 98, 107, 108, 122, 125, 126, 127, 130, 262, 372, 381, 382, 385, 386, 388, 391, 393, 399, 400, 401, 402, 405, 406, 412, 413, 416, 417, 418, 419, 420, 421, 427, 428, 429, 430, 431, 432, 435, 436, 440, 441, 482, 484, 493, 494, 501, 502, 503, 506, 509, 510, 513, 514, 518, 519, 521, 527, 528, 529, 530, 531, 534, 535, 538, 542, 543, 546, 547, 548, 549, 550, 551, 552, 555, 556, 565, 577, 578, 581, 584, 588, 591, 592, 600, 601, 602, 605, 606, 607, 608, 609, 610, 613, 614, 617, 618, 621, 630, 637, 638, 646, 647, 648, 651, 657, 660, 661, 668, 669, 670, 672, 673, 676, 677, 741, 742, 912, 913], "summary": {"covered_lines": 166, "num_statements": 670, "percent_covered": 24.776119402985074, "percent_covered_display": "25", "missing_lines": 504, "excluded_lines": 0}, "missing_lines": [46, 62, 63, 64, 65, 78, 81, 96, 104, 131, 132, 134, 138, 147, 148, 150, 151, 154, 161, 162, 164, 165, 166, 169, 170, 173, 174, 176, 178, 184, 185, 186, 187, 190, 191, 192, 193, 194, 196, 199, 200, 203, 204, 205, 206, 209, 210, 211, 212, 213, 214, 217, 218, 219, 222, 223, 224, 225, 226, 227, 228, 229, 232, 233, 234, 235, 236, 238, 258, 263, 264, 267, 268, 269, 270, 272, 273, 276, 277, 278, 279, 280, 283, 284, 287, 288, 290, 296, 297, 298, 299, 302, 303, 304, 305, 306, 308, 311, 312, 315, 316, 317, 318, 321, 322, 323, 324, 325, 326, 329, 330, 331, 334, 335, 336, 337, 338, 339, 340, 341, 344, 345, 346, 347, 349, 369, 407, 408, 409, 423, 424, 437, 442, 443, 444, 445, 446, 447, 450, 451, 452, 454, 455, 456, 457, 458, 461, 464, 468, 469, 470, 471, 474, 477, 511, 515, 539, 540, 557, 558, 559, 560, 561, 562, 566, 567, 570, 573, 612, 616, 622, 623, 624, 625, 626, 627, 631, 632, 633, 634, 639, 640, 641, 642, 643, 652, 655, 684, 690, 693, 698, 699, 705, 706, 709, 712, 713, 714, 715, 716, 717, 719, 720, 721, 722, 724, 725, 726, 727, 729, 731, 734, 754, 755, 758, 759, 760, 763, 769, 772, 773, 774, 775, 777, 778, 781, 786, 787, 788, 789, 790, 791, 793, 794, 795, 797, 798, 799, 800, 803, 804, 805, 806, 807, 808, 811, 812, 813, 814, 816, 817, 818, 819, 822, 823, 824, 825, 826, 827, 828, 829, 832, 833, 834, 835, 836, 837, 838, 839, 840, 841, 842, 845, 846, 849, 851, 853, 854, 855, 856, 857, 858, 860, 861, 862, 863, 864, 867, 874, 876, 882, 883, 885, 888, 894, 895, 897, 898, 899, 901, 903, 928, 930, 932, 933, 934, 936, 937, 938, 939, 940, 942, 943, 944, 945, 946, 948, 949, 950, 960, 965, 966, 967, 968, 969, 970, 972, 973, 974, 977, 979, 984, 985, 986, 987, 989, 990, 991, 993, 994, 997, 1003, 1004, 1005, 1006, 1007, 1009, 1010, 1013, 1014, 1015, 1017, 1018, 1019, 1020, 1021, 1023, 1024, 1025, 1026, 1028, 1029, 1031, 1032, 1034, 1037, 1038, 1039, 1040, 1041, 1042, 1043, 1044, 1046, 1047, 1048, 1049, 1050, 1052, 1053, 1054, 1057, 1058, 1060, 1061, 1062, 1063, 1064, 1066, 1067, 1068, 1069, 1070, 1072, 1073, 1075, 1076, 1078, 1079, 1080, 1083, 1084, 1087, 1088, 1089, 1091, 1092, 1093, 1094, 1095, 1099, 1102, 1103, 1105, 1106, 1107, 1108, 1109, 1110, 1111, 1112, 1113, 1114, 1118, 1120, 1121, 1124, 1125, 1126, 1127, 1128, 1130, 1131, 1133, 1134, 1135, 1136, 1137, 1138, 1139, 1140, 1141, 1142, 1146, 1148, 1149, 1152, 1155, 1156, 1159, 1160, 1161, 1163, 1165, 1166, 1167, 1168, 1169, 1171, 1172, 1173, 1174, 1177, 1183, 1185, 1186, 1195, 1198, 1199, 1200, 1201, 1202, 1204, 1207, 1208, 1214, 1215, 1217, 1221, 1222, 1224, 1226, 1229, 1231, 1232, 1234, 1235, 1236, 1237, 1239, 1240, 1241, 1242, 1244, 1245, 1246, 1247, 1248, 1251, 1252, 1253, 1254, 1255, 1257], "excluded_lines": []}}}, "src\\app\\api\\v1\\login.py": {"executed_lines": [1, 2, 4, 5, 6, 8, 9, 10, 11, 12, 21, 24, 25, 47, 48], "summary": {"covered_lines": 15, "num_statements": 32, "percent_covered": 46.875, "percent_covered_display": "47", "missing_lines": 17, "excluded_lines": 0}, "missing_lines": [30, 31, 32, 34, 35, 37, 38, 40, 44, 49, 50, 51, 53, 54, 55, 57, 58], "excluded_lines": [], "functions": {"login_for_access_token": {"executed_lines": [], "summary": {"covered_lines": 0, "num_statements": 9, "percent_covered": 0.0, "percent_covered_display": "0", "missing_lines": 9, "excluded_lines": 0}, "missing_lines": [30, 31, 32, 34, 35, 37, 38, 40, 44], "excluded_lines": []}, "refresh_access_token": {"executed_lines": [], "summary": {"covered_lines": 0, "num_statements": 8, "percent_covered": 0.0, "percent_covered_display": "0", "missing_lines": 8, "excluded_lines": 0}, "missing_lines": [49, 50, 51, 53, 54, 55, 57, 58], "excluded_lines": []}, "": {"executed_lines": [1, 2, 4, 5, 6, 8, 9, 10, 11, 12, 21, 24, 25, 47, 48], "summary": {"covered_lines": 15, "num_statements": 15, "percent_covered": 100.0, "percent_covered_display": "100", "missing_lines": 0, "excluded_lines": 0}, "missing_lines": [], "excluded_lines": []}}, "classes": {"": {"executed_lines": [1, 2, 4, 5, 6, 8, 9, 10, 11, 12, 21, 24, 25, 47, 48], "summary": {"covered_lines": 15, "num_statements": 32, "percent_covered": 46.875, "percent_covered_display": "47", "missing_lines": 17, "excluded_lines": 0}, "missing_lines": [30, 31, 32, 34, 35, 37, 38, 40, 44, 49, 50, 51, 53, 54, 55, 57, 58], "excluded_lines": []}}}, "src\\app\\api\\v1\\logout.py": {"executed_lines": [1, 3, 4, 5, 7, 8, 9, 11, 14, 15], "summary": {"covered_lines": 10, "num_statements": 18, "percent_covered": 55.55555555555556, "percent_covered_display": "56", "missing_lines": 8, "excluded_lines": 0}, "missing_lines": [21, 22, 23, 25, 26, 28, 30, 31], "excluded_lines": [], "functions": {"logout": {"executed_lines": [], "summary": {"covered_lines": 0, "num_statements": 8, "percent_covered": 0.0, "percent_covered_display": "0", "missing_lines": 8, "excluded_lines": 0}, "missing_lines": [21, 22, 23, 25, 26, 28, 30, 31], "excluded_lines": []}, "": {"executed_lines": [1, 3, 4, 5, 7, 8, 9, 11, 14, 15], "summary": {"covered_lines": 10, "num_statements": 10, "percent_covered": 100.0, "percent_covered_display": "100", "missing_lines": 0, "excluded_lines": 0}, "missing_lines": [], "excluded_lines": []}}, "classes": {"": {"executed_lines": [1, 3, 4, 5, 7, 8, 9, 11, 14, 15], "summary": {"covered_lines": 10, "num_statements": 18, "percent_covered": 55.55555555555556, "percent_covered_display": "56", "missing_lines": 8, "excluded_lines": 0}, "missing_lines": [21, 22, 23, 25, 26, 28, 30, 31], "excluded_lines": []}}}, "src\\app\\api\\v1\\muscle_groups.py": {"executed_lines": [1, 3, 4, 5, 7, 8, 9, 10, 11, 13, 16, 17, 24, 25, 26, 28, 29, 30, 33, 36, 37, 44, 50, 53, 56, 57, 63, 64, 65, 67, 70, 71, 79, 80, 81, 83, 84, 85, 87, 88, 89, 92, 93, 96, 97, 99, 100, 103, 104, 111, 112, 113, 115, 116], "summary": {"covered_lines": 54, "num_statements": 57, "percent_covered": 94.73684210526316, "percent_covered_display": "95", "missing_lines": 3, "excluded_lines": 0}, "missing_lines": [31, 91, 95], "excluded_lines": [], "functions": {"create_muscle_group": {"executed_lines": [24, 25, 26, 28, 29, 30, 33], "summary": {"covered_lines": 7, "num_statements": 8, "percent_covered": 87.5, "percent_covered_display": "88", "missing_lines": 1, "excluded_lines": 0}, "missing_lines": [31], "excluded_lines": []}, "read_muscle_groups": {"executed_lines": [44, 50, 53], "summary": {"covered_lines": 3, "num_statements": 3, "percent_covered": 100.0, "percent_covered_display": "100", "missing_lines": 0, "excluded_lines": 0}, "missing_lines": [], "excluded_lines": []}, "read_muscle_group": {"executed_lines": [63, 64, 65, 67], "summary": {"covered_lines": 4, "num_statements": 4, "percent_covered": 100.0, "percent_covered_display": "100", "missing_lines": 0, "excluded_lines": 0}, "missing_lines": [], "excluded_lines": []}, "update_muscle_group": {"executed_lines": [79, 80, 81, 83, 84, 85, 87, 88, 89, 92, 93, 96, 97, 99, 100], "summary": {"covered_lines": 15, "num_statements": 17, "percent_covered": 88.23529411764706, "percent_covered_display": "88", "missing_lines": 2, "excluded_lines": 0}, "missing_lines": [91, 95], "excluded_lines": []}, "delete_muscle_group": {"executed_lines": [111, 112, 113, 115, 116], "summary": {"covered_lines": 5, "num_statements": 5, "percent_covered": 100.0, "percent_covered_display": "100", "missing_lines": 0, "excluded_lines": 0}, "missing_lines": [], "excluded_lines": []}, "": {"executed_lines": [1, 3, 4, 5, 7, 8, 9, 10, 11, 13, 16, 17, 36, 37, 56, 57, 70, 71, 103, 104], "summary": {"covered_lines": 20, "num_statements": 20, "percent_covered": 100.0, "percent_covered_display": "100", "missing_lines": 0, "excluded_lines": 0}, "missing_lines": [], "excluded_lines": []}}, "classes": {"": {"executed_lines": [1, 3, 4, 5, 7, 8, 9, 10, 11, 13, 16, 17, 24, 25, 26, 28, 29, 30, 33, 36, 37, 44, 50, 53, 56, 57, 63, 64, 65, 67, 70, 71, 79, 80, 81, 83, 84, 85, 87, 88, 89, 92, 93, 96, 97, 99, 100, 103, 104, 111, 112, 113, 115, 116], "summary": {"covered_lines": 54, "num_statements": 57, "percent_covered": 94.73684210526316, "percent_covered_display": "95", "missing_lines": 3, "excluded_lines": 0}, "missing_lines": [31, 91, 95], "excluded_lines": []}}}, "src\\app\\api\\v1\\one_rm.py": {"executed_lines": [1, 3, 4, 5, 7, 8, 9, 10, 11, 12, 14, 17, 18, 63, 64, 88, 89, 108, 109, 130, 131], "summary": {"covered_lines": 21, "num_statements": 60, "percent_covered": 35.0, "percent_covered_display": "35", "missing_lines": 39, "excluded_lines": 0}, "missing_lines": [26, 27, 30, 31, 32, 35, 41, 43, 44, 49, 50, 55, 58, 59, 60, 73, 74, 75, 77, 85, 96, 102, 103, 105, 117, 118, 119, 121, 122, 123, 124, 126, 127, 138, 139, 140, 142, 143, 145], "excluded_lines": [], "functions": {"create_one_rm": {"executed_lines": [], "summary": {"covered_lines": 0, "num_statements": 15, "percent_covered": 0.0, "percent_covered_display": "0", "missing_lines": 15, "excluded_lines": 0}, "missing_lines": [26, 27, 30, 31, 32, 35, 41, 43, 44, 49, 50, 55, 58, 59, 60], "excluded_lines": []}, "get_one_rms": {"executed_lines": [], "summary": {"covered_lines": 0, "num_statements": 5, "percent_covered": 0.0, "percent_covered_display": "0", "missing_lines": 5, "excluded_lines": 0}, "missing_lines": [73, 74, 75, 77, 85], "excluded_lines": []}, "get_one_rm": {"executed_lines": [], "summary": {"covered_lines": 0, "num_statements": 4, "percent_covered": 0.0, "percent_covered_display": "0", "missing_lines": 4, "excluded_lines": 0}, "missing_lines": [96, 102, 103, 105], "excluded_lines": []}, "update_one_rm": {"executed_lines": [], "summary": {"covered_lines": 0, "num_statements": 9, "percent_covered": 0.0, "percent_covered_display": "0", "missing_lines": 9, "excluded_lines": 0}, "missing_lines": [117, 118, 119, 121, 122, 123, 124, 126, 127], "excluded_lines": []}, "delete_one_rm": {"executed_lines": [], "summary": {"covered_lines": 0, "num_statements": 6, "percent_covered": 0.0, "percent_covered_display": "0", "missing_lines": 6, "excluded_lines": 0}, "missing_lines": [138, 139, 140, 142, 143, 145], "excluded_lines": []}, "": {"executed_lines": [1, 3, 4, 5, 7, 8, 9, 10, 11, 12, 14, 17, 18, 63, 64, 88, 89, 108, 109, 130, 131], "summary": {"covered_lines": 21, "num_statements": 21, "percent_covered": 100.0, "percent_covered_display": "100", "missing_lines": 0, "excluded_lines": 0}, "missing_lines": [], "excluded_lines": []}}, "classes": {"": {"executed_lines": [1, 3, 4, 5, 7, 8, 9, 10, 11, 12, 14, 17, 18, 63, 64, 88, 89, 108, 109, 130, 131], "summary": {"covered_lines": 21, "num_statements": 60, "percent_covered": 35.0, "percent_covered_display": "35", "missing_lines": 39, "excluded_lines": 0}, "missing_lines": [26, 27, 30, 31, 32, 35, 41, 43, 44, 49, 50, 55, 58, 59, 60, 73, 74, 75, 77, 85, 96, 102, 103, 105, 117, 118, 119, 121, 122, 123, 124, 126, 127, 138, 139, 140, 142, 143, 145], "excluded_lines": []}}}, "src\\app\\api\\v1\\posts.py": {"executed_lines": [1, 3, 4, 5, 7, 8, 9, 10, 11, 12, 13, 14, 16, 19, 20, 50, 51, 56, 82, 83, 84, 103, 104, 105, 131, 132, 133, 159, 160, 161], "summary": {"covered_lines": 30, "num_statements": 89, "percent_covered": 33.70786516853933, "percent_covered_display": "34", "missing_lines": 59, "excluded_lines": 0}, "missing_lines": [27, 30, 31, 33, 34, 35, 37, 38, 40, 41, 43, 44, 45, 47, 63, 66, 67, 69, 70, 78, 79, 87, 90, 91, 93, 94, 97, 98, 100, 113, 116, 117, 119, 120, 121, 123, 124, 125, 127, 128, 140, 143, 144, 146, 147, 148, 150, 151, 152, 154, 156, 164, 167, 168, 170, 171, 172, 174, 175], "excluded_lines": [], "functions": {"write_post": {"executed_lines": [], "summary": {"covered_lines": 0, "num_statements": 14, "percent_covered": 0.0, "percent_covered_display": "0", "missing_lines": 14, "excluded_lines": 0}, "missing_lines": [27, 30, 31, 33, 34, 35, 37, 38, 40, 41, 43, 44, 45, 47], "excluded_lines": []}, "read_posts": {"executed_lines": [], "summary": {"covered_lines": 0, "num_statements": 7, "percent_covered": 0.0, "percent_covered_display": "0", "missing_lines": 7, "excluded_lines": 0}, "missing_lines": [63, 66, 67, 69, 70, 78, 79], "excluded_lines": []}, "read_post": {"executed_lines": [], "summary": {"covered_lines": 0, "num_statements": 8, "percent_covered": 0.0, "percent_covered_display": "0", "missing_lines": 8, "excluded_lines": 0}, "missing_lines": [87, 90, 91, 93, 94, 97, 98, 100], "excluded_lines": []}, "patch_post": {"executed_lines": [], "summary": {"covered_lines": 0, "num_statements": 11, "percent_covered": 0.0, "percent_covered_display": "0", "missing_lines": 11, "excluded_lines": 0}, "missing_lines": [113, 116, 117, 119, 120, 121, 123, 124, 125, 127, 128], "excluded_lines": []}, "erase_post": {"executed_lines": [], "summary": {"covered_lines": 0, "num_statements": 11, "percent_covered": 0.0, "percent_covered_display": "0", "missing_lines": 11, "excluded_lines": 0}, "missing_lines": [140, 143, 144, 146, 147, 148, 150, 151, 152, 154, 156], "excluded_lines": []}, "erase_db_post": {"executed_lines": [], "summary": {"covered_lines": 0, "num_statements": 8, "percent_covered": 0.0, "percent_covered_display": "0", "missing_lines": 8, "excluded_lines": 0}, "missing_lines": [164, 167, 168, 170, 171, 172, 174, 175], "excluded_lines": []}, "": {"executed_lines": [1, 3, 4, 5, 7, 8, 9, 10, 11, 12, 13, 14, 16, 19, 20, 50, 51, 56, 82, 83, 84, 103, 104, 105, 131, 132, 133, 159, 160, 161], "summary": {"covered_lines": 30, "num_statements": 30, "percent_covered": 100.0, "percent_covered_display": "100", "missing_lines": 0, "excluded_lines": 0}, "missing_lines": [], "excluded_lines": []}}, "classes": {"": {"executed_lines": [1, 3, 4, 5, 7, 8, 9, 10, 11, 12, 13, 14, 16, 19, 20, 50, 51, 56, 82, 83, 84, 103, 104, 105, 131, 132, 133, 159, 160, 161], "summary": {"covered_lines": 30, "num_statements": 89, "percent_covered": 33.70786516853933, "percent_covered_display": "34", "missing_lines": 59, "excluded_lines": 0}, "missing_lines": [27, 30, 31, 33, 34, 35, 37, 38, 40, 41, 43, 44, 45, 47, 63, 66, 67, 69, 70, 78, 79, 87, 90, 91, 93, 94, 97, 98, 100, 113, 116, 117, 119, 120, 121, 123, 124, 125, 127, 128, 140, 143, 144, 146, 147, 148, 150, 151, 152, 154, 156, 164, 167, 168, 170, 171, 172, 174, 175], "excluded_lines": []}}}, "src\\app\\api\\v1\\programs.py": {"executed_lines": [1, 3, 4, 5, 7, 8, 9, 10, 11, 12, 13, 15, 17, 20, 21, 48, 49, 68, 69, 91, 92, 129, 130, 163, 164, 203, 204], "summary": {"covered_lines": 27, "num_statements": 77, "percent_covered": 35.064935064935064, "percent_covered_display": "35", "missing_lines": 50, "excluded_lines": 0}, "missing_lines": [28, 29, 30, 32, 33, 34, 36, 42, 43, 45, 57, 65, 76, 82, 83, 85, 86, 88, 113, 114, 115, 118, 126, 139, 140, 141, 143, 144, 145, 147, 148, 149, 151, 157, 158, 160, 172, 173, 174, 176, 177, 179, 185, 186, 188, 211, 212, 213, 215, 216], "excluded_lines": [], "functions": {"create_program": {"executed_lines": [], "summary": {"covered_lines": 0, "num_statements": 10, "percent_covered": 0.0, "percent_covered_display": "0", "missing_lines": 10, "excluded_lines": 0}, "missing_lines": [28, 29, 30, 32, 33, 34, 36, 42, 43, 45], "excluded_lines": []}, "get_programs": {"executed_lines": [], "summary": {"covered_lines": 0, "num_statements": 2, "percent_covered": 0.0, "percent_covered_display": "0", "missing_lines": 2, "excluded_lines": 0}, "missing_lines": [57, 65], "excluded_lines": []}, "get_program": {"executed_lines": [], "summary": {"covered_lines": 0, "num_statements": 6, "percent_covered": 0.0, "percent_covered_display": "0", "missing_lines": 6, "excluded_lines": 0}, "missing_lines": [76, 82, 83, 85, 86, 88], "excluded_lines": []}, "get_program_weeks": {"executed_lines": [], "summary": {"covered_lines": 0, "num_statements": 5, "percent_covered": 0.0, "percent_covered_display": "0", "missing_lines": 5, "excluded_lines": 0}, "missing_lines": [113, 114, 115, 118, 126], "excluded_lines": []}, "add_week_to_program": {"executed_lines": [], "summary": {"covered_lines": 0, "num_statements": 13, "percent_covered": 0.0, "percent_covered_display": "0", "missing_lines": 13, "excluded_lines": 0}, "missing_lines": [139, 140, 141, 143, 144, 145, 147, 148, 149, 151, 157, 158, 160], "excluded_lines": []}, "update_program": {"executed_lines": [], "summary": {"covered_lines": 0, "num_statements": 9, "percent_covered": 0.0, "percent_covered_display": "0", "missing_lines": 9, "excluded_lines": 0}, "missing_lines": [172, 173, 174, 176, 177, 179, 185, 186, 188], "excluded_lines": []}, "delete_program": {"executed_lines": [], "summary": {"covered_lines": 0, "num_statements": 5, "percent_covered": 0.0, "percent_covered_display": "0", "missing_lines": 5, "excluded_lines": 0}, "missing_lines": [211, 212, 213, 215, 216], "excluded_lines": []}, "": {"executed_lines": [1, 3, 4, 5, 7, 8, 9, 10, 11, 12, 13, 15, 17, 20, 21, 48, 49, 68, 69, 91, 92, 129, 130, 163, 164, 203, 204], "summary": {"covered_lines": 27, "num_statements": 27, "percent_covered": 100.0, "percent_covered_display": "100", "missing_lines": 0, "excluded_lines": 0}, "missing_lines": [], "excluded_lines": []}}, "classes": {"": {"executed_lines": [1, 3, 4, 5, 7, 8, 9, 10, 11, 12, 13, 15, 17, 20, 21, 48, 49, 68, 69, 91, 92, 129, 130, 163, 164, 203, 204], "summary": {"covered_lines": 27, "num_statements": 77, "percent_covered": 35.064935064935064, "percent_covered_display": "35", "missing_lines": 50, "excluded_lines": 0}, "missing_lines": [28, 29, 30, 32, 33, 34, 36, 42, 43, 45, 57, 65, 76, 82, 83, 85, 86, 88, 113, 114, 115, 118, 126, 139, 140, 141, 143, 144, 145, 147, 148, 149, 151, 157, 158, 160, 172, 173, 174, 176, 177, 179, 185, 186, 188, 211, 212, 213, 215, 216], "excluded_lines": []}}}, "src\\app\\api\\v1\\rate_limits.py": {"executed_lines": [1, 3, 4, 5, 7, 8, 9, 10, 11, 12, 13, 15, 18, 19, 44, 45, 68, 69, 84, 85, 105, 106], "summary": {"covered_lines": 22, "num_statements": 70, "percent_covered": 31.428571428571427, "percent_covered_display": "31", "missing_lines": 48, "excluded_lines": 0}, "missing_lines": [22, 23, 24, 26, 27, 28, 30, 31, 32, 34, 35, 37, 38, 39, 41, 52, 53, 54, 56, 57, 64, 65, 72, 73, 74, 76, 77, 78, 79, 81, 92, 93, 94, 96, 97, 98, 99, 101, 102, 109, 110, 111, 113, 114, 115, 116, 118, 119], "excluded_lines": [], "functions": {"write_rate_limit": {"executed_lines": [], "summary": {"covered_lines": 0, "num_statements": 15, "percent_covered": 0.0, "percent_covered_display": "0", "missing_lines": 15, "excluded_lines": 0}, "missing_lines": [22, 23, 24, 26, 27, 28, 30, 31, 32, 34, 35, 37, 38, 39, 41], "excluded_lines": []}, "read_rate_limits": {"executed_lines": [], "summary": {"covered_lines": 0, "num_statements": 7, "percent_covered": 0.0, "percent_covered_display": "0", "missing_lines": 7, "excluded_lines": 0}, "missing_lines": [52, 53, 54, 56, 57, 64, 65], "excluded_lines": []}, "read_rate_limit": {"executed_lines": [], "summary": {"covered_lines": 0, "num_statements": 8, "percent_covered": 0.0, "percent_covered_display": "0", "missing_lines": 8, "excluded_lines": 0}, "missing_lines": [72, 73, 74, 76, 77, 78, 79, 81], "excluded_lines": []}, "patch_rate_limit": {"executed_lines": [], "summary": {"covered_lines": 0, "num_statements": 9, "percent_covered": 0.0, "percent_covered_display": "0", "missing_lines": 9, "excluded_lines": 0}, "missing_lines": [92, 93, 94, 96, 97, 98, 99, 101, 102], "excluded_lines": []}, "erase_rate_limit": {"executed_lines": [], "summary": {"covered_lines": 0, "num_statements": 9, "percent_covered": 0.0, "percent_covered_display": "0", "missing_lines": 9, "excluded_lines": 0}, "missing_lines": [109, 110, 111, 113, 114, 115, 116, 118, 119], "excluded_lines": []}, "": {"executed_lines": [1, 3, 4, 5, 7, 8, 9, 10, 11, 12, 13, 15, 18, 19, 44, 45, 68, 69, 84, 85, 105, 106], "summary": {"covered_lines": 22, "num_statements": 22, "percent_covered": 100.0, "percent_covered_display": "100", "missing_lines": 0, "excluded_lines": 0}, "missing_lines": [], "excluded_lines": []}}, "classes": {"": {"executed_lines": [1, 3, 4, 5, 7, 8, 9, 10, 11, 12, 13, 15, 18, 19, 44, 45, 68, 69, 84, 85, 105, 106], "summary": {"covered_lines": 22, "num_statements": 70, "percent_covered": 31.428571428571427, "percent_covered_display": "31", "missing_lines": 48, "excluded_lines": 0}, "missing_lines": [22, 23, 24, 26, 27, 28, 30, 31, 32, 34, 35, 37, 38, 39, 41, 52, 53, 54, 56, 57, 64, 65, 72, 73, 74, 76, 77, 78, 79, 81, 92, 93, 94, 96, 97, 98, 99, 101, 102, 109, 110, 111, 113, 114, 115, 116, 118, 119], "excluded_lines": []}}}, "src\\app\\api\\v1\\scheduled_workouts.py": {"executed_lines": [1, 2, 4, 5, 6, 7, 9, 10, 11, 12, 13, 14, 15, 16, 25, 28, 29, 55, 56, 57, 60, 61, 62, 64, 65, 66, 69, 75, 78, 79, 99, 100, 126, 128, 130, 132, 135, 138, 141, 143, 145, 148, 149, 152, 153, 154, 157, 158, 174, 179, 182, 183, 201, 207, 208, 210, 211, 231, 232, 260, 261, 262, 265, 274, 275, 276, 279, 285, 288, 289, 309, 310, 325, 326, 327, 329, 330, 333, 334, 358, 359, 362, 363, 364, 367, 372, 374, 378, 380, 381, 383, 384, 385, 389, 393, 397, 398, 407, 408, 409, 411, 413], "summary": {"covered_lines": 102, "num_statements": 129, "percent_covered": 79.06976744186046, "percent_covered_display": "79", "missing_lines": 27, "excluded_lines": 0}, "missing_lines": [76, 80, 81, 83, 96, 129, 131, 133, 142, 144, 146, 159, 172, 212, 213, 215, 228, 266, 271, 272, 286, 290, 291, 293, 306, 375, 390], "excluded_lines": [], "functions": {"create_scheduled_workout": {"executed_lines": [55, 56, 57, 60, 61, 62, 64, 65, 66, 69, 75, 78, 79], "summary": {"covered_lines": 13, "num_statements": 18, "percent_covered": 72.22222222222223, "percent_covered_display": "72", "missing_lines": 5, "excluded_lines": 0}, "missing_lines": [76, 80, 81, 83, 96], "excluded_lines": []}, "get_scheduled_workouts": {"executed_lines": [126, 128, 130, 132, 135, 138, 141, 143, 145, 148, 149, 152, 153, 154, 157, 158, 174, 179], "summary": {"covered_lines": 18, "num_statements": 26, "percent_covered": 69.23076923076923, "percent_covered_display": "69", "missing_lines": 8, "excluded_lines": 0}, "missing_lines": [129, 131, 133, 142, 144, 146, 159, 172], "excluded_lines": []}, "get_scheduled_workout": {"executed_lines": [201, 207, 208, 210, 211], "summary": {"covered_lines": 5, "num_statements": 9, "percent_covered": 55.55555555555556, "percent_covered_display": "56", "missing_lines": 4, "excluded_lines": 0}, "missing_lines": [212, 213, 215, 228], "excluded_lines": []}, "update_scheduled_workout": {"executed_lines": [260, 261, 262, 265, 274, 275, 276, 279, 285, 288, 289], "summary": {"covered_lines": 11, "num_statements": 19, "percent_covered": 57.89473684210526, "percent_covered_display": "58", "missing_lines": 8, "excluded_lines": 0}, "missing_lines": [266, 271, 272, 286, 290, 291, 293, 306], "excluded_lines": []}, "delete_scheduled_workout": {"executed_lines": [325, 326, 327, 329, 330], "summary": {"covered_lines": 5, "num_statements": 5, "percent_covered": 100.0, "percent_covered_display": "100", "missing_lines": 0, "excluded_lines": 0}, "missing_lines": [], "excluded_lines": []}, "schedule_program": {"executed_lines": [358, 359, 362, 363, 364, 367, 372, 374, 378, 380, 381, 383, 384, 385, 389, 393, 397, 398, 407, 408, 409, 411, 413], "summary": {"covered_lines": 23, "num_statements": 25, "percent_covered": 92.0, "percent_covered_display": "92", "missing_lines": 2, "excluded_lines": 0}, "missing_lines": [375, 390], "excluded_lines": []}, "": {"executed_lines": [1, 2, 4, 5, 6, 7, 9, 10, 11, 12, 13, 14, 15, 16, 25, 28, 29, 99, 100, 182, 183, 231, 232, 309, 310, 333, 334], "summary": {"covered_lines": 27, "num_statements": 27, "percent_covered": 100.0, "percent_covered_display": "100", "missing_lines": 0, "excluded_lines": 0}, "missing_lines": [], "excluded_lines": []}}, "classes": {"": {"executed_lines": [1, 2, 4, 5, 6, 7, 9, 10, 11, 12, 13, 14, 15, 16, 25, 28, 29, 55, 56, 57, 60, 61, 62, 64, 65, 66, 69, 75, 78, 79, 99, 100, 126, 128, 130, 132, 135, 138, 141, 143, 145, 148, 149, 152, 153, 154, 157, 158, 174, 179, 182, 183, 201, 207, 208, 210, 211, 231, 232, 260, 261, 262, 265, 274, 275, 276, 279, 285, 288, 289, 309, 310, 325, 326, 327, 329, 330, 333, 334, 358, 359, 362, 363, 364, 367, 372, 374, 378, 380, 381, 383, 384, 385, 389, 393, 397, 398, 407, 408, 409, 411, 413], "summary": {"covered_lines": 102, "num_statements": 129, "percent_covered": 79.06976744186046, "percent_covered_display": "79", "missing_lines": 27, "excluded_lines": 0}, "missing_lines": [76, 80, 81, 83, 96, 129, 131, 133, 142, 144, 146, 159, 172, 212, 213, 215, 228, 266, 271, 272, 286, 290, 291, 293, 306, 375, 390], "excluded_lines": []}}}, "src\\app\\api\\v1\\set_entries.py": {"executed_lines": [1, 3, 4, 6, 7, 8, 9, 10, 11, 12, 14, 17, 18], "summary": {"covered_lines": 13, "num_statements": 36, "percent_covered": 36.111111111111114, "percent_covered_display": "36", "missing_lines": 23, "excluded_lines": 0}, "missing_lines": [44, 45, 46, 49, 52, 53, 54, 56, 57, 58, 59, 62, 63, 64, 67, 73, 74, 76, 77, 78, 79, 81, 96], "excluded_lines": [], "functions": {"update_set_entry": {"executed_lines": [], "summary": {"covered_lines": 0, "num_statements": 23, "percent_covered": 0.0, "percent_covered_display": "0", "missing_lines": 23, "excluded_lines": 0}, "missing_lines": [44, 45, 46, 49, 52, 53, 54, 56, 57, 58, 59, 62, 63, 64, 67, 73, 74, 76, 77, 78, 79, 81, 96], "excluded_lines": []}, "": {"executed_lines": [1, 3, 4, 6, 7, 8, 9, 10, 11, 12, 14, 17, 18], "summary": {"covered_lines": 13, "num_statements": 13, "percent_covered": 100.0, "percent_covered_display": "100", "missing_lines": 0, "excluded_lines": 0}, "missing_lines": [], "excluded_lines": []}}, "classes": {"": {"executed_lines": [1, 3, 4, 6, 7, 8, 9, 10, 11, 12, 14, 17, 18], "summary": {"covered_lines": 13, "num_statements": 36, "percent_covered": 36.111111111111114, "percent_covered_display": "36", "missing_lines": 23, "excluded_lines": 0}, "missing_lines": [44, 45, 46, 49, 52, 53, 54, 56, 57, 58, 59, 62, 63, 64, 67, 73, 74, 76, 77, 78, 79, 81, 96], "excluded_lines": []}}}, "src\\app\\api\\v1\\tasks.py": {"executed_lines": [1, 3, 4, 6, 7, 8, 10, 13, 14, 37, 38], "summary": {"covered_lines": 11, "num_statements": 24, "percent_covered": 45.833333333333336, "percent_covered_display": "46", "missing_lines": 13, "excluded_lines": 0}, "missing_lines": [27, 28, 30, 31, 32, 34, 51, 52, 54, 55, 56, 57, 59], "excluded_lines": [], "functions": {"create_task": {"executed_lines": [], "summary": {"covered_lines": 0, "num_statements": 6, "percent_covered": 0.0, "percent_covered_display": "0", "missing_lines": 6, "excluded_lines": 0}, "missing_lines": [27, 28, 30, 31, 32, 34], "excluded_lines": []}, "get_task": {"executed_lines": [], "summary": {"covered_lines": 0, "num_statements": 7, "percent_covered": 0.0, "percent_covered_display": "0", "missing_lines": 7, "excluded_lines": 0}, "missing_lines": [51, 52, 54, 55, 56, 57, 59], "excluded_lines": []}, "": {"executed_lines": [1, 3, 4, 6, 7, 8, 10, 13, 14, 37, 38], "summary": {"covered_lines": 11, "num_statements": 11, "percent_covered": 100.0, "percent_covered_display": "100", "missing_lines": 0, "excluded_lines": 0}, "missing_lines": [], "excluded_lines": []}}, "classes": {"": {"executed_lines": [1, 3, 4, 6, 7, 8, 10, 13, 14, 37, 38], "summary": {"covered_lines": 11, "num_statements": 24, "percent_covered": 45.833333333333336, "percent_covered_display": "46", "missing_lines": 13, "excluded_lines": 0}, "missing_lines": [27, 28, 30, 31, 32, 34, 51, 52, 54, 55, 56, 57, 59], "excluded_lines": []}}}, "src\\app\\api\\v1\\tiers.py": {"executed_lines": [1, 3, 4, 5, 7, 8, 9, 10, 11, 13, 16, 17, 35, 36, 45, 46, 54, 55, 66, 67], "summary": {"covered_lines": 20, "num_statements": 47, "percent_covered": 42.5531914893617, "percent_covered_display": "43", "missing_lines": 27, "excluded_lines": 0}, "missing_lines": [20, 21, 22, 23, 25, 26, 28, 29, 30, 32, 39, 41, 42, 47, 48, 49, 51, 58, 59, 60, 62, 63, 68, 69, 70, 72, 73], "excluded_lines": [], "functions": {"write_tier": {"executed_lines": [], "summary": {"covered_lines": 0, "num_statements": 10, "percent_covered": 0.0, "percent_covered_display": "0", "missing_lines": 10, "excluded_lines": 0}, "missing_lines": [20, 21, 22, 23, 25, 26, 28, 29, 30, 32], "excluded_lines": []}, "read_tiers": {"executed_lines": [], "summary": {"covered_lines": 0, "num_statements": 3, "percent_covered": 0.0, "percent_covered_display": "0", "missing_lines": 3, "excluded_lines": 0}, "missing_lines": [39, 41, 42], "excluded_lines": []}, "read_tier": {"executed_lines": [], "summary": {"covered_lines": 0, "num_statements": 4, "percent_covered": 0.0, "percent_covered_display": "0", "missing_lines": 4, "excluded_lines": 0}, "missing_lines": [47, 48, 49, 51], "excluded_lines": []}, "patch_tier": {"executed_lines": [], "summary": {"covered_lines": 0, "num_statements": 5, "percent_covered": 0.0, "percent_covered_display": "0", "missing_lines": 5, "excluded_lines": 0}, "missing_lines": [58, 59, 60, 62, 63], "excluded_lines": []}, "erase_tier": {"executed_lines": [], "summary": {"covered_lines": 0, "num_statements": 5, "percent_covered": 0.0, "percent_covered_display": "0", "missing_lines": 5, "excluded_lines": 0}, "missing_lines": [68, 69, 70, 72, 73], "excluded_lines": []}, "": {"executed_lines": [1, 3, 4, 5, 7, 8, 9, 10, 11, 13, 16, 17, 35, 36, 45, 46, 54, 55, 66, 67], "summary": {"covered_lines": 20, "num_statements": 20, "percent_covered": 100.0, "percent_covered_display": "100", "missing_lines": 0, "excluded_lines": 0}, "missing_lines": [], "excluded_lines": []}}, "classes": {"": {"executed_lines": [1, 3, 4, 5, 7, 8, 9, 10, 11, 13, 16, 17, 35, 36, 45, 46, 54, 55, 66, 67], "summary": {"covered_lines": 20, "num_statements": 47, "percent_covered": 42.5531914893617, "percent_covered_display": "43", "missing_lines": 27, "excluded_lines": 0}, "missing_lines": [20, 21, 22, 23, 25, 26, 28, 29, 30, 32, 39, 41, 42, 47, 48, 49, 51, 58, 59, 60, 62, 63, 68, 69, 70, 72, 73], "excluded_lines": []}}}, "src\\app\\api\\v1\\user_profile.py": {"executed_lines": [1, 3, 4, 6, 7, 8, 9, 10, 12, 15, 16, 36, 37, 50, 51], "summary": {"covered_lines": 15, "num_statements": 37, "percent_covered": 40.54054054054054, "percent_covered_display": "41", "missing_lines": 22, "excluded_lines": 0}, "missing_lines": [24, 25, 28, 29, 30, 32, 33, 43, 44, 45, 47, 58, 59, 60, 62, 63, 65, 66, 72, 75, 77, 80], "excluded_lines": [], "functions": {"create_user_profile": {"executed_lines": [], "summary": {"covered_lines": 0, "num_statements": 7, "percent_covered": 0.0, "percent_covered_display": "0", "missing_lines": 7, "excluded_lines": 0}, "missing_lines": [24, 25, 28, 29, 30, 32, 33], "excluded_lines": []}, "get_my_profile": {"executed_lines": [], "summary": {"covered_lines": 0, "num_statements": 4, "percent_covered": 0.0, "percent_covered_display": "0", "missing_lines": 4, "excluded_lines": 0}, "missing_lines": [43, 44, 45, 47], "excluded_lines": []}, "update_my_profile": {"executed_lines": [], "summary": {"covered_lines": 0, "num_statements": 11, "percent_covered": 0.0, "percent_covered_display": "0", "missing_lines": 11, "excluded_lines": 0}, "missing_lines": [58, 59, 60, 62, 63, 65, 66, 72, 75, 77, 80], "excluded_lines": []}, "": {"executed_lines": [1, 3, 4, 6, 7, 8, 9, 10, 12, 15, 16, 36, 37, 50, 51], "summary": {"covered_lines": 15, "num_statements": 15, "percent_covered": 100.0, "percent_covered_display": "100", "missing_lines": 0, "excluded_lines": 0}, "missing_lines": [], "excluded_lines": []}}, "classes": {"": {"executed_lines": [1, 3, 4, 6, 7, 8, 9, 10, 12, 15, 16, 36, 37, 50, 51], "summary": {"covered_lines": 15, "num_statements": 37, "percent_covered": 40.54054054054054, "percent_covered_display": "41", "missing_lines": 22, "excluded_lines": 0}, "missing_lines": [24, 25, 28, 29, 30, 32, 33, 43, 44, 45, 47, 58, 59, 60, 62, 63, 65, 66, 72, 75, 77, 80], "excluded_lines": []}}}, "src\\app\\api\\v1\\users.py": {"executed_lines": [1, 3, 4, 5, 7, 8, 9, 10, 11, 12, 13, 14, 15, 17, 20, 21, 24, 25, 26, 28, 29, 30, 32, 33, 35, 36, 39, 42, 43, 46, 53, 54, 57, 58, 62, 63, 64, 65, 66, 68, 71, 72, 78, 79, 82, 83, 87, 88, 89, 91, 92, 95, 96, 102, 103, 104, 106, 107, 108, 111, 112, 127, 128, 153, 154, 180, 181], "summary": {"covered_lines": 67, "num_statements": 116, "percent_covered": 57.758620689655174, "percent_covered_display": "58", "missing_lines": 49, "excluded_lines": 0}, "missing_lines": [37, 59, 80, 85, 118, 119, 120, 122, 123, 124, 131, 132, 133, 135, 136, 137, 138, 139, 141, 142, 143, 145, 146, 148, 150, 157, 158, 159, 161, 162, 163, 165, 166, 167, 169, 171, 172, 174, 175, 177, 184, 185, 186, 188, 189, 190, 191, 193, 194], "excluded_lines": [], "functions": {"write_user": {"executed_lines": [24, 25, 26, 28, 29, 30, 32, 33, 35, 36, 39], "summary": {"covered_lines": 11, "num_statements": 12, "percent_covered": 91.66666666666667, "percent_covered_display": "92", "missing_lines": 1, "excluded_lines": 0}, "missing_lines": [37], "excluded_lines": []}, "read_users": {"executed_lines": [46, 53, 54], "summary": {"covered_lines": 3, "num_statements": 3, "percent_covered": 100.0, "percent_covered_display": "100", "missing_lines": 0, "excluded_lines": 0}, "missing_lines": [], "excluded_lines": []}, "read_users_me": {"executed_lines": [], "summary": {"covered_lines": 0, "num_statements": 1, "percent_covered": 0.0, "percent_covered_display": "0", "missing_lines": 1, "excluded_lines": 0}, "missing_lines": [59], "excluded_lines": []}, "read_user": {"executed_lines": [64, 65, 66, 68], "summary": {"covered_lines": 4, "num_statements": 4, "percent_covered": 100.0, "percent_covered_display": "100", "missing_lines": 0, "excluded_lines": 0}, "missing_lines": [], "excluded_lines": []}, "patch_user": {"executed_lines": [78, 79, 82, 83, 87, 88, 89, 91, 92], "summary": {"covered_lines": 9, "num_statements": 11, "percent_covered": 81.81818181818181, "percent_covered_display": "82", "missing_lines": 2, "excluded_lines": 0}, "missing_lines": [80, 85], "excluded_lines": []}, "erase_user": {"executed_lines": [102, 103, 104, 106, 107, 108], "summary": {"covered_lines": 6, "num_statements": 6, "percent_covered": 100.0, "percent_covered_display": "100", "missing_lines": 0, "excluded_lines": 0}, "missing_lines": [], "excluded_lines": []}, "erase_db_user": {"executed_lines": [], "summary": {"covered_lines": 0, "num_statements": 6, "percent_covered": 0.0, "percent_covered_display": "0", "missing_lines": 6, "excluded_lines": 0}, "missing_lines": [118, 119, 120, 122, 123, 124], "excluded_lines": []}, "read_user_rate_limits": {"executed_lines": [], "summary": {"covered_lines": 0, "num_statements": 15, "percent_covered": 0.0, "percent_covered_display": "0", "missing_lines": 15, "excluded_lines": 0}, "missing_lines": [131, 132, 133, 135, 136, 137, 138, 139, 141, 142, 143, 145, 146, 148, 150], "excluded_lines": []}, "read_user_tier": {"executed_lines": [], "summary": {"covered_lines": 0, "num_statements": 15, "percent_covered": 0.0, "percent_covered_display": "0", "missing_lines": 15, "excluded_lines": 0}, "missing_lines": [157, 158, 159, 161, 162, 163, 165, 166, 167, 169, 171, 172, 174, 175, 177], "excluded_lines": []}, "patch_user_tier": {"executed_lines": [], "summary": {"covered_lines": 0, "num_statements": 9, "percent_covered": 0.0, "percent_covered_display": "0", "missing_lines": 9, "excluded_lines": 0}, "missing_lines": [184, 185, 186, 188, 189, 190, 191, 193, 194], "excluded_lines": []}, "": {"executed_lines": [1, 3, 4, 5, 7, 8, 9, 10, 11, 12, 13, 14, 15, 17, 20, 21, 42, 43, 57, 58, 62, 63, 71, 72, 95, 96, 111, 112, 127, 128, 153, 154, 180, 181], "summary": {"covered_lines": 34, "num_statements": 34, "percent_covered": 100.0, "percent_covered_display": "100", "missing_lines": 0, "excluded_lines": 0}, "missing_lines": [], "excluded_lines": []}}, "classes": {"": {"executed_lines": [1, 3, 4, 5, 7, 8, 9, 10, 11, 12, 13, 14, 15, 17, 20, 21, 24, 25, 26, 28, 29, 30, 32, 33, 35, 36, 39, 42, 43, 46, 53, 54, 57, 58, 62, 63, 64, 65, 66, 68, 71, 72, 78, 79, 82, 83, 87, 88, 89, 91, 92, 95, 96, 102, 103, 104, 106, 107, 108, 111, 112, 127, 128, 153, 154, 180, 181], "summary": {"covered_lines": 67, "num_statements": 116, "percent_covered": 57.758620689655174, "percent_covered_display": "58", "missing_lines": 49, "excluded_lines": 0}, "missing_lines": [37, 59, 80, 85, 118, 119, 120, 122, 123, 124, 131, 132, 133, 135, 136, 137, 138, 139, 141, 142, 143, 145, 146, 148, 150, 157, 158, 159, 161, 162, 163, 165, 166, 167, 169, 171, 172, 174, 175, 177, 184, 185, 186, 188, 189, 190, 191, 193, 194], "excluded_lines": []}}}, "src\\app\\api\\v1\\workout_sessions.py": {"executed_lines": [1, 2, 4, 5, 6, 7, 9, 10, 11, 12, 13, 14, 15, 16, 17, 18, 19, 20, 21, 24, 25, 27, 32, 33, 62, 63, 64, 67, 68, 69, 72, 74, 75, 76, 78, 79, 80, 84, 87, 92, 94, 96, 112, 113, 139, 140, 143, 144, 146, 147, 149, 150, 153, 156, 158, 159, 160, 161, 165, 168, 169, 173, 175, 177, 199, 200, 224, 231, 232, 235, 236, 237, 240, 241, 242, 257, 259, 261, 264, 378, 379, 407, 408, 411, 419, 422, 423, 444, 445, 446, 448, 451, 452, 481, 482, 483, 485, 488, 498, 528, 529, 530, 532, 533, 536, 537, 558, 559, 560, 562, 563, 565, 568, 569, 604, 605, 606, 608, 609, 610, 614, 616, 617, 618, 620, 621, 622, 626, 627, 631, 633, 635, 656, 657, 685, 686, 689, 690, 691, 695, 702, 703, 706, 707, 708, 711, 712, 713, 728, 730, 732], "summary": {"covered_lines": 151, "num_statements": 247, "percent_covered": 61.1336032388664, "percent_covered_display": "61", "missing_lines": 96, "excluded_lines": 0}, "missing_lines": [88, 93, 100, 109, 148, 152, 174, 181, 196, 267, 268, 269, 272, 273, 275, 277, 278, 281, 282, 283, 286, 287, 288, 289, 291, 292, 293, 294, 297, 298, 299, 300, 305, 306, 307, 308, 309, 310, 313, 314, 315, 317, 318, 319, 334, 336, 345, 347, 348, 349, 351, 352, 353, 354, 355, 358, 359, 360, 363, 364, 368, 370, 371, 375, 409, 489, 490, 491, 492, 493, 494, 495, 500, 506, 508, 509, 512, 513, 514, 515, 516, 518, 519, 520, 521, 522, 523, 525, 526, 611, 628, 632, 638, 653, 687, 692], "excluded_lines": [], "functions": {"add_exercise_to_session": {"executed_lines": [62, 63, 64, 67, 68, 69, 72, 74, 75, 76, 78, 79, 80, 84, 87, 92, 94, 96], "summary": {"covered_lines": 18, "num_statements": 22, "percent_covered": 81.81818181818181, "percent_covered_display": "82", "missing_lines": 4, "excluded_lines": 0}, "missing_lines": [88, 93, 100, 109], "excluded_lines": []}, "create_workout_session": {"executed_lines": [139, 140, 143, 144, 146, 147, 149, 150, 153, 156, 158, 159, 160, 161, 165, 168, 169, 173, 175, 177], "summary": {"covered_lines": 20, "num_statements": 25, "percent_covered": 80.0, "percent_covered_display": "80", "missing_lines": 5, "excluded_lines": 0}, "missing_lines": [148, 152, 174, 181, 196], "excluded_lines": []}, "get_workout_sessions": {"executed_lines": [224, 231, 232, 235, 236, 237, 240, 241, 242, 257, 259, 261], "summary": {"covered_lines": 12, "num_statements": 12, "percent_covered": 100.0, "percent_covered_display": "100", "missing_lines": 0, "excluded_lines": 0}, "missing_lines": [], "excluded_lines": []}, "get_workout_session_with_relations": {"executed_lines": [], "summary": {"covered_lines": 0, "num_statements": 55, "percent_covered": 0.0, "percent_covered_display": "0", "missing_lines": 55, "excluded_lines": 0}, "missing_lines": [267, 268, 269, 272, 273, 275, 277, 278, 281, 282, 283, 286, 287, 288, 289, 291, 292, 293, 294, 297, 298, 299, 300, 305, 306, 307, 308, 309, 310, 313, 314, 315, 317, 318, 319, 334, 336, 345, 347, 348, 349, 351, 352, 353, 354, 355, 358, 359, 360, 363, 364, 368, 370, 371, 375], "excluded_lines": []}, "get_exercise_entries": {"executed_lines": [407, 408, 411, 419], "summary": {"covered_lines": 4, "num_statements": 5, "percent_covered": 80.0, "percent_covered_display": "80", "missing_lines": 1, "excluded_lines": 0}, "missing_lines": [409], "excluded_lines": []}, "get_workout_session": {"executed_lines": [444, 445, 446, 448], "summary": {"covered_lines": 4, "num_statements": 4, "percent_covered": 100.0, "percent_covered_display": "100", "missing_lines": 0, "excluded_lines": 0}, "missing_lines": [], "excluded_lines": []}, "update_workout_session": {"executed_lines": [481, 482, 483, 485, 488, 498, 528, 529, 530, 532, 533], "summary": {"covered_lines": 11, "num_statements": 35, "percent_covered": 31.428571428571427, "percent_covered_display": "31", "missing_lines": 24, "excluded_lines": 0}, "missing_lines": [489, 490, 491, 492, 493, 494, 495, 500, 506, 508, 509, 512, 513, 514, 515, 516, 518, 519, 520, 521, 522, 523, 525, 526], "excluded_lines": []}, "delete_workout_session": {"executed_lines": [558, 559, 560, 562, 563, 565], "summary": {"covered_lines": 6, "num_statements": 6, "percent_covered": 100.0, "percent_covered_display": "100", "missing_lines": 0, "excluded_lines": 0}, "missing_lines": [], "excluded_lines": []}, "add_set_to_entry": {"executed_lines": [604, 605, 606, 608, 609, 610, 614, 616, 617, 618, 620, 621, 622, 626, 627, 631, 633, 635], "summary": {"covered_lines": 18, "num_statements": 23, "percent_covered": 78.26086956521739, "percent_covered_display": "78", "missing_lines": 5, "excluded_lines": 0}, "missing_lines": [611, 628, 632, 638, 653], "excluded_lines": []}, "get_sets_for_entry": {"executed_lines": [685, 686, 689, 690, 691, 695, 702, 703, 706, 707, 708, 711, 712, 713, 728, 730, 732], "summary": {"covered_lines": 17, "num_statements": 19, "percent_covered": 89.47368421052632, "percent_covered_display": "89", "missing_lines": 2, "excluded_lines": 0}, "missing_lines": [687, 692], "excluded_lines": []}, "": {"executed_lines": [1, 2, 4, 5, 6, 7, 9, 10, 11, 12, 13, 14, 15, 16, 17, 18, 19, 20, 21, 24, 25, 27, 32, 33, 112, 113, 199, 200, 264, 378, 379, 422, 423, 451, 452, 536, 537, 568, 569, 656, 657], "summary": {"covered_lines": 41, "num_statements": 41, "percent_covered": 100.0, "percent_covered_display": "100", "missing_lines": 0, "excluded_lines": 0}, "missing_lines": [], "excluded_lines": []}}, "classes": {"": {"executed_lines": [1, 2, 4, 5, 6, 7, 9, 10, 11, 12, 13, 14, 15, 16, 17, 18, 19, 20, 21, 24, 25, 27, 32, 33, 62, 63, 64, 67, 68, 69, 72, 74, 75, 76, 78, 79, 80, 84, 87, 92, 94, 96, 112, 113, 139, 140, 143, 144, 146, 147, 149, 150, 153, 156, 158, 159, 160, 161, 165, 168, 169, 173, 175, 177, 199, 200, 224, 231, 232, 235, 236, 237, 240, 241, 242, 257, 259, 261, 264, 378, 379, 407, 408, 411, 419, 422, 423, 444, 445, 446, 448, 451, 452, 481, 482, 483, 485, 488, 498, 528, 529, 530, 532, 533, 536, 537, 558, 559, 560, 562, 563, 565, 568, 569, 604, 605, 606, 608, 609, 610, 614, 616, 617, 618, 620, 621, 622, 626, 627, 631, 633, 635, 656, 657, 685, 686, 689, 690, 691, 695, 702, 703, 706, 707, 708, 711, 712, 713, 728, 730, 732], "summary": {"covered_lines": 151, "num_statements": 247, "percent_covered": 61.1336032388664, "percent_covered_display": "61", "missing_lines": 96, "excluded_lines": 0}, "missing_lines": [88, 93, 100, 109, 148, 152, 174, 181, 196, 267, 268, 269, 272, 273, 275, 277, 278, 281, 282, 283, 286, 287, 288, 289, 291, 292, 293, 294, 297, 298, 299, 300, 305, 306, 307, 308, 309, 310, 313, 314, 315, 317, 318, 319, 334, 336, 345, 347, 348, 349, 351, 352, 353, 354, 355, 358, 359, 360, 363, 364, 368, 370, 371, 375, 409, 489, 490, 491, 492, 493, 494, 495, 500, 506, 508, 509, 512, 513, 514, 515, 516, 518, 519, 520, 521, 522, 523, 525, 526, 611, 628, 632, 638, 653, 687, 692], "excluded_lines": []}}}, "src\\app\\api\\v1\\workout_templates.py": {"executed_lines": [1, 3, 4, 5, 7, 8, 9, 10, 11, 13, 16, 17, 38, 39, 87, 88, 115, 116, 141, 142, 163, 164], "summary": {"covered_lines": 22, "num_statements": 79, "percent_covered": 27.848101265822784, "percent_covered_display": "28", "missing_lines": 57, "excluded_lines": 0}, "missing_lines": [25, 26, 27, 28, 30, 31, 33, 34, 35, 48, 57, 70, 71, 73, 74, 75, 76, 78, 95, 96, 97, 100, 101, 103, 105, 106, 108, 110, 124, 125, 126, 128, 129, 130, 132, 133, 134, 135, 137, 138, 149, 150, 151, 153, 154, 155, 157, 158, 160, 176, 177, 178, 180, 181, 183, 184, 192], "excluded_lines": [], "functions": {"create_workout_template": {"executed_lines": [], "summary": {"covered_lines": 0, "num_statements": 9, "percent_covered": 0.0, "percent_covered_display": "0", "missing_lines": 9, "excluded_lines": 0}, "missing_lines": [25, 26, 27, 28, 30, 31, 33, 34, 35], "excluded_lines": []}, "get_workout_templates": {"executed_lines": [], "summary": {"covered_lines": 0, "num_statements": 9, "percent_covered": 0.0, "percent_covered_display": "0", "missing_lines": 9, "excluded_lines": 0}, "missing_lines": [48, 57, 70, 71, 73, 74, 75, 76, 78], "excluded_lines": []}, "get_workout_template": {"executed_lines": [], "summary": {"covered_lines": 0, "num_statements": 10, "percent_covered": 0.0, "percent_covered_display": "0", "missing_lines": 10, "excluded_lines": 0}, "missing_lines": [95, 96, 97, 100, 101, 103, 105, 106, 108, 110], "excluded_lines": []}, "update_workout_template": {"executed_lines": [], "summary": {"covered_lines": 0, "num_statements": 12, "percent_covered": 0.0, "percent_covered_display": "0", "missing_lines": 12, "excluded_lines": 0}, "missing_lines": [124, 125, 126, 128, 129, 130, 132, 133, 134, 135, 137, 138], "excluded_lines": []}, "delete_workout_template": {"executed_lines": [], "summary": {"covered_lines": 0, "num_statements": 9, "percent_covered": 0.0, "percent_covered_display": "0", "missing_lines": 9, "excluded_lines": 0}, "missing_lines": [149, 150, 151, 153, 154, 155, 157, 158, 160], "excluded_lines": []}, "apply_template_to_session": {"executed_lines": [], "summary": {"covered_lines": 0, "num_statements": 8, "percent_covered": 0.0, "percent_covered_display": "0", "missing_lines": 8, "excluded_lines": 0}, "missing_lines": [176, 177, 178, 180, 181, 183, 184, 192], "excluded_lines": []}, "": {"executed_lines": [1, 3, 4, 5, 7, 8, 9, 10, 11, 13, 16, 17, 38, 39, 87, 88, 115, 116, 141, 142, 163, 164], "summary": {"covered_lines": 22, "num_statements": 22, "percent_covered": 100.0, "percent_covered_display": "100", "missing_lines": 0, "excluded_lines": 0}, "missing_lines": [], "excluded_lines": []}}, "classes": {"": {"executed_lines": [1, 3, 4, 5, 7, 8, 9, 10, 11, 13, 16, 17, 38, 39, 87, 88, 115, 116, 141, 142, 163, 164], "summary": {"covered_lines": 22, "num_statements": 79, "percent_covered": 27.848101265822784, "percent_covered_display": "28", "missing_lines": 57, "excluded_lines": 0}, "missing_lines": [25, 26, 27, 28, 30, 31, 33, 34, 35, 48, 57, 70, 71, 73, 74, 75, 76, 78, 95, 96, 97, 100, 101, 103, 105, 106, 108, 110, 124, 125, 126, 128, 129, 130, 132, 133, 134, 135, 137, 138, 149, 150, 151, 153, 154, 155, 157, 158, 160, 176, 177, 178, 180, 181, 183, 184, 192], "excluded_lines": []}}}, "src\\app\\api\\v1\\workouts.py": {"executed_lines": [1, 3, 4, 5, 6, 7, 9, 10, 11, 12, 13, 14, 15, 16, 17, 18, 19, 23, 24, 25, 27, 30, 96, 97, 104, 105, 106, 107, 109, 110, 111, 113, 116, 117, 125, 133, 134, 135, 136, 137, 141, 142, 143, 144, 152, 153, 156, 157, 164, 165, 166, 168, 171, 172, 180, 181, 182, 185, 186, 190, 191, 193, 194, 197, 198, 205, 206, 210, 211, 215, 216, 218, 219, 222, 223, 232, 233, 234, 236, 237, 241, 242, 245, 246, 249, 252, 253, 254, 256, 259, 262, 265, 266, 304, 305, 314, 315, 316, 318, 319, 323, 324, 327, 328, 332, 335, 344, 345, 346, 348, 349, 352, 355, 356, 365, 366, 367, 369, 370, 374, 375, 378, 379, 383, 384, 387, 388, 392, 395, 396, 399, 400, 408, 409, 412, 413, 417, 418, 421, 422, 426, 427, 430, 431, 435, 438, 439], "summary": {"covered_lines": 147, "num_statements": 219, "percent_covered": 67.12328767123287, "percent_covered_display": "67", "missing_lines": 72, "excluded_lines": 0}, "missing_lines": [33, 34, 35, 38, 39, 41, 43, 44, 47, 53, 54, 57, 58, 59, 60, 61, 71, 73, 80, 83, 84, 85, 88, 89, 90, 92, 93, 139, 140, 150, 188, 207, 213, 239, 247, 260, 275, 276, 277, 279, 280, 282, 284, 285, 288, 289, 290, 292, 293, 295, 297, 298, 300, 301, 321, 325, 330, 333, 350, 372, 376, 381, 385, 390, 393, 410, 415, 419, 424, 428, 433, 436], "excluded_lines": [], "functions": {"get_workout_with_relations": {"executed_lines": [], "summary": {"covered_lines": 0, "num_statements": 27, "percent_covered": 0.0, "percent_covered_display": "0", "missing_lines": 27, "excluded_lines": 0}, "missing_lines": [33, 34, 35, 38, 39, 41, 43, 44, 47, 53, 54, 57, 58, 59, 60, 61, 71, 73, 80, 83, 84, 85, 88, 89, 90, 92, 93], "excluded_lines": []}, "create_workout": {"executed_lines": [104, 105, 106, 107, 109, 110, 111, 113], "summary": {"covered_lines": 8, "num_statements": 8, "percent_covered": 100.0, "percent_covered_display": "100", "missing_lines": 0, "excluded_lines": 0}, "missing_lines": [], "excluded_lines": []}, "read_workouts": {"executed_lines": [125, 133, 134, 135, 136, 137, 141, 142, 143, 144, 152, 153], "summary": {"covered_lines": 12, "num_statements": 15, "percent_covered": 80.0, "percent_covered_display": "80", "missing_lines": 3, "excluded_lines": 0}, "missing_lines": [139, 140, 150], "excluded_lines": []}, "read_workout": {"executed_lines": [164, 165, 166, 168], "summary": {"covered_lines": 4, "num_statements": 4, "percent_covered": 100.0, "percent_covered_display": "100", "missing_lines": 0, "excluded_lines": 0}, "missing_lines": [], "excluded_lines": []}, "update_workout": {"executed_lines": [180, 181, 182, 185, 186, 190, 191, 193, 194], "summary": {"covered_lines": 9, "num_statements": 10, "percent_covered": 90.0, "percent_covered_display": "90", "missing_lines": 1, "excluded_lines": 0}, "missing_lines": [188], "excluded_lines": []}, "delete_workout": {"executed_lines": [205, 206, 210, 211, 215, 216, 218, 219], "summary": {"covered_lines": 8, "num_statements": 10, "percent_covered": 80.0, "percent_covered_display": "80", "missing_lines": 2, "excluded_lines": 0}, "missing_lines": [207, 213], "excluded_lines": []}, "create_exercise_instance": {"executed_lines": [232, 233, 234, 236, 237, 241, 242, 245, 246, 249, 252, 253, 254, 256, 259, 262], "summary": {"covered_lines": 16, "num_statements": 19, "percent_covered": 84.21052631578948, "percent_covered_display": "84", "missing_lines": 3, "excluded_lines": 0}, "missing_lines": [239, 247, 260], "excluded_lines": []}, "delete_exercise_instance": {"executed_lines": [], "summary": {"covered_lines": 0, "num_statements": 18, "percent_covered": 0.0, "percent_covered_display": "0", "missing_lines": 18, "excluded_lines": 0}, "missing_lines": [275, 276, 277, 279, 280, 282, 284, 285, 288, 289, 290, 292, 293, 295, 297, 298, 300, 301], "excluded_lines": []}, "create_set": {"executed_lines": [314, 315, 316, 318, 319, 323, 324, 327, 328, 332, 335, 344, 345, 346, 348, 349, 352], "summary": {
[...]
uledWorkoutUpdate": {"executed_lines": [], "summary": {"covered_lines": 0, "num_statements": 0, "percent_covered": 100.0, "percent_covered_display": "100", "missing_lines": 0, "excluded_lines": 0}, "missing_lines": [], "excluded_lines": []}, "ScheduledWorkoutRead": {"executed_lines": [], "summary": {"covered_lines": 0, "num_statements": 0, "percent_covered": 100.0, "percent_covered_display": "100", "missing_lines": 0, "excluded_lines": 0}, "missing_lines": [], "excluded_lines": []}, "": {"executed_lines": [1, 3, 4, 6, 8, 14, 15, 16, 17, 18, 19, 20, 23, 24, 27, 28, 29, 30, 31, 32, 35, 36, 37, 38, 39, 40, 41, 42, 43, 45], "summary": {"covered_lines": 29, "num_statements": 29, "percent_covered": 100.0, "percent_covered_display": "100", "missing_lines": 0, "excluded_lines": 4}, "missing_lines": [], "excluded_lines": [8, 9, 10, 11]}}}, "src\\app\\schemas\\set.py": {"executed_lines": [1, 3, 5, 8, 9, 10, 11, 12, 13, 14, 17, 18, 19, 22, 23, 26, 27, 30, 31, 33, 34, 35, 36, 37, 38], "summary": {"covered_lines": 25, "num_statements": 25, "percent_covered": 100.0, "percent_covered_display": "100", "missing_lines": 0, "excluded_lines": 0}, "missing_lines": [], "excluded_lines": [], "functions": {"": {"executed_lines": [1, 3, 5, 8, 9, 10, 11, 12, 13, 14, 17, 18, 19, 22, 23, 26, 27, 30, 31, 33, 34, 35, 36, 37, 38], "summary": {"covered_lines": 25, "num_statements": 25, "percent_covered": 100.0, "percent_covered_display": "100", "missing_lines": 0, "excluded_lines": 0}, "missing_lines": [], "excluded_lines": []}}, "classes": {"SetBase": {"executed_lines": [], "summary": {"covered_lines": 0, "num_statements": 0, "percent_covered": 100.0, "percent_covered_display": "100", "missing_lines": 0, "excluded_lines": 0}, "missing_lines": [], "excluded_lines": []}, "SetRead": {"executed_lines": [], "summary": {"covered_lines": 0, "num_statements": 0, "percent_covered": 100.0, "percent_covered_display": "100", "missing_lines": 0, "excluded_lines": 0}, "missing_lines": [], "excluded_lines": []}, "SetCreate": {"executed_lines": [], "summary": {"covered_lines": 0, "num_statements": 0, "percent_covered": 100.0, "percent_covered_display": "100", "missing_lines": 0, "excluded_lines": 0}, "missing_lines": [], "excluded_lines": []}, "SetCreateInternal": {"executed_lines": [], "summary": {"covered_lines": 0, "num_statements": 0, "percent_covered": 100.0, "percent_covered_display": "100", "missing_lines": 0, "excluded_lines": 0}, "missing_lines": [], "excluded_lines": []}, "SetUpdate": {"executed_lines": [], "summary": {"covered_lines": 0, "num_statements": 0, "percent_covered": 100.0, "percent_covered_display": "100", "missing_lines": 0, "excluded_lines": 0}, "missing_lines": [], "excluded_lines": []}, "": {"executed_lines": [1, 3, 5, 8, 9, 10, 11, 12, 13, 14, 17, 18, 19, 22, 23, 26, 27, 30, 31, 33, 34, 35, 36, 37, 38], "summary": {"covered_lines": 25, "num_statements": 25, "percent_covered": 100.0, "percent_covered_display": "100", "missing_lines": 0, "excluded_lines": 0}, "missing_lines": [], "excluded_lines": []}}}, "src\\app\\schemas\\set_entry.py": {"executed_lines": [1, 2, 4, 7, 8, 9, 10, 11, 12, 13, 14, 15, 16, 17, 20, 21, 24, 25, 26, 27, 28, 29, 30, 31, 32, 33, 34, 37, 38, 39, 40, 42], "summary": {"covered_lines": 32, "num_statements": 32, "percent_covered": 100.0, "percent_covered_display": "100", "missing_lines": 0, "excluded_lines": 0}, "missing_lines": [], "excluded_lines": [], "functions": {"": {"executed_lines": [1, 2, 4, 7, 8, 9, 10, 11, 12, 13, 14, 15, 16, 17, 20, 21, 24, 25, 26, 27, 28, 29, 30, 31, 32, 33, 34, 37, 38, 39, 40, 42], "summary": {"covered_lines": 32, "num_statements": 32, "percent_covered": 100.0, "percent_covered_display": "100", "missing_lines": 0, "excluded_lines": 0}, "missing_lines": [], "excluded_lines": []}}, "classes": {"SetEntryBase": {"executed_lines": [], "summary": {"covered_lines": 0, "num_statements": 0, "percent_covered": 100.0, "percent_covered_display": "100", "missing_lines": 0, "excluded_lines": 0}, "missing_lines": [], "excluded_lines": []}, "SetEntryCreate": {"executed_lines": [], "summary": {"covered_lines": 0, "num_statements": 0, "percent_covered": 100.0, "percent_covered_display": "100", "missing_lines": 0, "excluded_lines": 0}, "missing_lines": [], "excluded_lines": []}, "SetEntryUpdate": {"executed_lines": [], "summary": {"covered_lines": 0, "num_statements": 0, "percent_covered": 100.0, "percent_covered_display": "100", "missing_lines": 0, "excluded_lines": 0}, "missing_lines": [], "excluded_lines": []}, "SetEntryRead": {"executed_lines": [], "summary": {"covered_lines": 0, "num_statements": 0, "percent_covered": 100.0, "percent_covered_display": "100", "missing_lines": 0, "excluded_lines": 0}, "missing_lines": [], "excluded_lines": []}, "": {"executed_lines": [1, 2, 4, 7, 8, 9, 10, 11, 12, 13, 14, 15, 16, 17, 20, 21, 24, 25, 26, 27, 28, 29, 30, 31, 32, 33, 34, 37, 38, 39, 40, 42], "summary": {"covered_lines": 32, "num_statements": 32, "percent_covered": 100.0, "percent_covered_display": "100", "missing_lines": 0, "excluded_lines": 0}, "missing_lines": [], "excluded_lines": []}}}, "src\\app\\schemas\\tier.py": {"executed_lines": [1, 2, 4, 6, 9, 10, 13, 14, 17, 18, 19, 22, 23, 26, 27, 30, 31, 34, 35, 38, 39], "summary": {"covered_lines": 21, "num_statements": 21, "percent_covered": 100.0, "percent_covered_display": "100", "missing_lines": 0, "excluded_lines": 0}, "missing_lines": [], "excluded_lines": [], "functions": {"": {"executed_lines": [1, 2, 4, 6, 9, 10, 13, 14, 17, 18, 19, 22, 23, 26, 27, 30, 31, 34, 35, 38, 39], "summary": {"covered_lines": 21, "num_statements": 21, "percent_covered": 100.0, "percent_covered_display": "100", "missing_lines": 0, "excluded_lines": 0}, "missing_lines": [], "excluded_lines": []}}, "classes": {"TierBase": {"executed_lines": [], "summary": {"covered_lines": 0, "num_statements": 0, "percent_covered": 100.0, "percent_covered_display": "100", "missing_lines": 0, "excluded_lines": 0}, "missing_lines": [], "excluded_lines": []}, "Tier": {"executed_lines": [], "summary": {"covered_lines": 0, "num_statements": 0, "percent_covered": 100.0, "percent_covered_display": "100", "missing_lines": 0, "excluded_lines": 0}, "missing_lines": [], "excluded_lines": []}, "TierRead": {"executed_lines": [], "summary": {"covered_lines": 0, "num_statements": 0, "percent_covered": 100.0, "percent_covered_display": "100", "missing_lines": 0, "excluded_lines": 0}, "missing_lines": [], "excluded_lines": []}, "TierCreate": {"executed_lines": [], "summary": {"covered_lines": 0, "num_statements": 0, "percent_covered": 100.0, "percent_covered_display": "100", "missing_lines": 0, "excluded_lines": 0}, "missing_lines": [], "excluded_lines": []}, "TierCreateInternal": {"executed_lines": [], "summary": {"covered_lines": 0, "num_statements": 0, "percent_covered": 100.0, "percent_covered_display": "100", "missing_lines": 0, "excluded_lines": 0}, "missing_lines": [], "excluded_lines": []}, "TierUpdate": {"executed_lines": [], "summary": {"covered_lines": 0, "num_statements": 0, "percent_covered": 100.0, "percent_covered_display": "100", "missing_lines": 0, "excluded_lines": 0}, "missing_lines": [], "excluded_lines": []}, "TierUpdateInternal": {"executed_lines": [], "summary": {"covered_lines": 0, "num_statements": 0, "percent_covered": 100.0, "percent_covered_display": "100", "missing_lines": 0, "excluded_lines": 0}, "missing_lines": [], "excluded_lines": []}, "TierDelete": {"executed_lines": [], "summary": {"covered_lines": 0, "num_statements": 0, "percent_covered": 100.0, "percent_covered_display": "100", "missing_lines": 0, "excluded_lines": 0}, "missing_lines": [], "excluded_lines": []}, "": {"executed_lines": [1, 2, 4, 6, 9, 10, 13, 14, 17, 18, 19, 22, 23, 26, 27, 30, 31, 34, 35, 38, 39], "summary": {"covered_lines": 21, "num_statements": 21, "percent_covered": 100.0, "percent_covered_display": "100", "missing_lines": 0, "excluded_lines": 0}, "missing_lines": [], "excluded_lines": []}}}, "src\\app\\schemas\\user.py": {"executed_lines": [1, 2, 4, 6, 9, 10, 11, 14, 15, 16, 17, 18, 21, 22, 24, 25, 26, 27, 28, 31, 32, 34, 37, 38, 41, 42, 44, 45, 46, 54, 55, 58, 59, 62, 63, 65, 66, 69, 70], "summary": {"covered_lines": 39, "num_statements": 39, "percent_covered": 100.0, "percent_covered_display": "100", "missing_lines": 0, "excluded_lines": 0}, "missing_lines": [], "excluded_lines": [], "functions": {"": {"executed_lines": [1, 2, 4, 6, 9, 10, 11, 14, 15, 16, 17, 18, 21, 22, 24, 25, 26, 27, 28, 31, 32, 34, 37, 38, 41, 42, 44, 45, 46, 54, 55, 58, 59, 62, 63, 65, 66, 69, 70], "summary": {"covered_lines": 39, "num_statements": 39, "percent_covered": 100.0, "percent_covered_display": "100", "missing_lines": 0, "excluded_lines": 0}, "missing_lines": [], "excluded_lines": []}}, "classes": {"UserBase": {"executed_lines": [], "summary": {"covered_lines": 0, "num_statements": 0, "percent_covered": 100.0, "percent_covered_display": "100", "missing_lines": 0, "excluded_lines": 0}, "missing_lines": [], "excluded_lines": []}, "User": {"executed_lines": [], "summary": {"covered_lines": 0, "num_statements": 0, "percent_covered": 100.0, "percent_covered_display": "100", "missing_lines": 0, "excluded_lines": 0}, "missing_lines": [], "excluded_lines": []}, "UserRead": {"executed_lines": [], "summary": {"covered_lines": 0, "num_statements": 0, "percent_covered": 100.0, "percent_covered_display": "100", "missing_lines": 0, "excluded_lines": 0}, "missing_lines": [], "excluded_lines": []}, "UserCreate": {"executed_lines": [], "summary": {"covered_lines": 0, "num_statements": 0, "percent_covered": 100.0, "percent_covered_display": "100", "missing_lines": 0, "excluded_lines": 0}, "missing_lines": [], "excluded_lines": []}, "UserCreateInternal": {"executed_lines": [], "summary": {"covered_lines": 0, "num_statements": 0, "percent_covered": 100.0, "percent_covered_display": "100", "missing_lines": 0, "excluded_lines": 0}, "missing_lines": [], "excluded_lines": []}, "UserUpdate": {"executed_lines": [], "summary": {"covered_lines": 0, "num_statements": 0, "percent_covered": 100.0, "percent_covered_display": "100", "missing_lines": 0, "excluded_lines": 0}, "missing_lines": [], "excluded_lines": []}, "UserUpdateInternal": {"executed_lines": [], "summary": {"covered_lines": 0, "num_statements": 0, "percent_covered": 100.0, "percent_covered_display": "100", "missing_lines": 0, "excluded_lines": 0}, "missing_lines": [], "excluded_lines": []}, "UserTierUpdate": {"executed_lines": [], "summary": {"covered_lines": 0, "num_statements": 0, "percent_covered": 100.0, "percent_covered_display": "100", "missing_lines": 0, "excluded_lines": 0}, "missing_lines": [], "excluded_lines": []}, "UserDelete": {"executed_lines": [], "summary": {"covered_lines": 0, "num_statements": 0, "percent_covered": 100.0, "percent_covered_display": "100", "missing_lines": 0, "excluded_lines": 0}, "missing_lines": [], "excluded_lines": []}, "UserRestoreDeleted": {"executed_lines": [], "summary": {"covered_lines": 0, "num_statements": 0, "percent_covered": 100.0, "percent_covered_display": "100", "missing_lines": 0, "excluded_lines": 0}, "missing_lines": [], "excluded_lines": []}, "": {"executed_lines": [1, 2, 4, 6, 9, 10, 11, 14, 15, 16, 17, 18, 21, 22, 24, 25, 26, 27, 28, 31, 32, 34, 37, 38, 41, 42, 44, 45, 46, 54, 55, 58, 59, 62, 63, 65, 66, 69, 70], "summary": {"covered_lines": 39, "num_statements": 39, "percent_covered": 100.0, "percent_covered_display": "100", "missing_lines": 0, "excluded_lines": 0}, "missing_lines": [], "excluded_lines": []}}}, "src\\app\\schemas\\user_profile.py": {"executed_lines": [1, 2, 4, 6, 9, 10, 11, 12, 13, 14, 15, 16, 17, 18, 19, 22, 23, 26, 27, 28, 29, 30, 31, 32, 33, 34, 35, 36, 39, 40, 41, 42, 43], "summary": {"covered_lines": 33, "num_statements": 33, "percent_covered": 100.0, "percent_covered_display": "100", "missing_lines": 0, "excluded_lines": 0}, "missing_lines": [], "excluded_lines": [], "functions": {"": {"executed_lines": [1, 2, 4, 6, 9, 10, 11, 12, 13, 14, 15, 16, 17, 18, 19, 22, 23, 26, 27, 28, 29, 30, 31, 32, 33, 34, 35, 36, 39, 40, 41, 42, 43], "summary": {"covered_lines": 33, "num_statements": 33, "percent_covered": 100.0, "percent_covered_display": "100", "missing_lines": 0, "excluded_lines": 0}, "missing_lines": [], "excluded_lines": []}}, "classes": {"UserProfileBase": {"executed_lines": [], "summary": {"covered_lines": 0, "num_statements": 0, "percent_covered": 100.0, "percent_covered_display": "100", "missing_lines": 0, "excluded_lines": 0}, "missing_lines": [], "excluded_lines": []}, "UserProfileCreate": {"executed_lines": [], "summary": {"covered_lines": 0, "num_statements": 0, "percent_covered": 100.0, "percent_covered_display": "100", "missing_lines": 0, "excluded_lines": 0}, "missing_lines": [], "excluded_lines": []}, "UserProfileUpdate": {"executed_lines": [], "summary": {"covered_lines": 0, "num_statements": 0, "percent_covered": 100.0, "percent_covered_display": "100", "missing_lines": 0, "excluded_lines": 0}, "missing_lines": [], "excluded_lines": []}, "UserProfileRead": {"executed_lines": [], "summary": {"covered_lines": 0, "num_statements": 0, "percent_covered": 100.0, "percent_covered_display": "100", "missing_lines": 0, "excluded_lines": 0}, "missing_lines": [], "excluded_lines": []}, "": {"executed_lines": [1, 2, 4, 6, 9, 10, 11, 12, 13, 14, 15, 16, 17, 18, 19, 22, 23, 26, 27, 28, 29, 30, 31, 32, 33, 34, 35, 36, 39, 40, 41, 42, 43], "summary": {"covered_lines": 33, "num_statements": 33, "percent_covered": 100.0, "percent_covered_display": "100", "missing_lines": 0, "excluded_lines": 0}, "missing_lines": [], "excluded_lines": []}}}, "src\\app\\schemas\\workout.py": {"executed_lines": [1, 3, 4, 6, 8, 12, 13, 16, 17, 18, 19, 20, 21, 23, 26, 27, 30, 31, 34, 35, 37], "summary": {"covered_lines": 20, "num_statements": 20, "percent_covered": 100.0, "percent_covered_display": "100", "missing_lines": 0, "excluded_lines": 2}, "missing_lines": [], "excluded_lines": [8, 9], "functions": {"": {"executed_lines": [1, 3, 4, 6, 8, 12, 13, 16, 17, 18, 19, 20, 21, 23, 26, 27, 30, 31, 34, 35, 37], "summary": {"covered_lines": 20, "num_statements": 20, "percent_covered": 100.0, "percent_covered_display": "100", "missing_lines": 0, "excluded_lines": 2}, "missing_lines": [], "excluded_lines": [8, 9]}}, "classes": {"WorkoutBase": {"executed_lines": [], "summary": {"covered_lines": 0, "num_statements": 0, "percent_covered": 100.0, "percent_covered_display": "100", "missing_lines": 0, "excluded_lines": 0}, "missing_lines": [], "excluded_lines": []}, "WorkoutRead": {"executed_lines": [], "summary": {"covered_lines": 0, "num_statements": 0, "percent_covered": 100.0, "percent_covered_display": "100", "missing_lines": 0, "excluded_lines": 0}, "missing_lines": [], "excluded_lines": []}, "WorkoutCreate": {"executed_lines": [], "summary": {"covered_lines": 0, "num_statements": 0, "percent_covered": 100.0, "percent_covered_display": "100", "missing_lines": 0, "excluded_lines": 0}, "missing_lines": [], "excluded_lines": []}, "WorkoutCreateInternal": {"executed_lines": [], "summary": {"covered_lines": 0, "num_statements": 0, "percent_covered": 100.0, "percent_covered_display": "100", "missing_lines": 0, "excluded_lines": 0}, "missing_lines": [], "excluded_lines": []}, "WorkoutUpdate": {"executed_lines": [], "summary": {"covered_lines": 0, "num_statements": 0, "percent_covered": 100.0, "percent_covered_display": "100", "missing_lines": 0, "excluded_lines": 0}, "missing_lines": [], "excluded_lines": []}, "": {"executed_lines": [1, 3, 4, 6, 8, 12, 13, 16, 17, 18, 19, 20, 21, 23, 26, 27, 30, 31, 34, 35, 37], "summary": {"covered_lines": 20, "num_statements": 20, "percent_covered": 100.0, "percent_covered_display": "100", "missing_lines": 0, "excluded_lines": 2}, "missing_lines": [], "excluded_lines": [8, 9]}}}, "src\\app\\schemas\\workout_session.py": {"executed_lines": [1, 3, 4, 6, 8, 12, 13, 14, 15, 16, 17, 18, 21, 22, 25, 26, 27, 28, 29, 30, 33, 34, 35, 36, 37, 38, 39, 40, 41, 43], "summary": {"covered_lines": 29, "num_statements": 29, "percent_covered": 100.0, "percent_covered_display": "100", "missing_lines": 0, "excluded_lines": 2}, "missing_lines": [], "excluded_lines": [8, 9], "functions": {"": {"executed_lines": [1, 3, 4, 6, 8, 12, 13, 14, 15, 16, 17, 18, 21, 22, 25, 26, 27, 28, 29, 30, 33, 34, 35, 36, 37, 38, 39, 40, 41, 43], "summary": {"covered_lines": 29, "num_statements": 29, "percent_covered": 100.0, "percent_covered_display": "100", "missing_lines": 0, "excluded_lines": 2}, "missing_lines": [], "excluded_lines": [8, 9]}}, "classes": {"WorkoutSessionBase": {"executed_lines": [], "summary": {"covered_lines": 0, "num_statements": 0, "percent_covered": 100.0, "percent_covered_display": "100", "missing_lines": 0, "excluded_lines": 0}, "missing_lines": [], "excluded_lines": []}, "WorkoutSessionCreate": {"executed_lines": [], "summary": {"covered_lines": 0, "num_statements": 0, "percent_covered": 100.0, "percent_covered_display": "100", "missing_lines": 0, "excluded_lines": 0}, "missing_lines": [], "excluded_lines": []}, "WorkoutSessionUpdate": {"executed_lines": [], "summary": {"covered_lines": 0, "num_statements": 0, "percent_covered": 100.0, "percent_covered_display": "100", "missing_lines": 0, "excluded_lines": 0}, "missing_lines": [], "excluded_lines": []}, "WorkoutSessionRead": {"executed_lines": [], "summary": {"covered_lines": 0, "num_statements": 0, "percent_covered": 100.0, "percent_covered_display": "100", "missing_lines": 0, "excluded_lines": 0}, "missing_lines": [], "excluded_lines": []}, "": {"executed_lines": [1, 3, 4, 6, 8, 12, 13, 14, 15, 16, 17, 18, 21, 22, 25, 26, 27, 28, 29, 30, 33, 34, 35, 36, 37, 38, 39, 40, 41, 43], "summary": {"covered_lines": 29, "num_statements": 29, "percent_covered": 100.0, "percent_covered_display": "100", "missing_lines": 0, "excluded_lines": 2}, "missing_lines": [], "excluded_lines": [8, 9]}}}, "src\\app\\schemas\\workout_template.py": {"executed_lines": [1, 2, 4, 7, 8, 9, 10, 11, 14, 15, 18, 19, 20, 21, 22, 25, 26, 27, 28, 29], "summary": {"covered_lines": 20, "num_statements": 20, "percent_covered": 100.0, "percent_covered_display": "100", "missing_lines": 0, "excluded_lines": 0}, "missing_lines": [], "excluded_lines": [], "functions": {"": {"executed_lines": [1, 2, 4, 7, 8, 9, 10, 11, 14, 15, 18, 19, 20, 21, 22, 25, 26, 27, 28, 29], "summary": {"covered_lines": 20, "num_statements": 20, "percent_covered": 100.0, "percent_covered_display": "100", "missing_lines": 0, "excluded_lines": 0}, "missing_lines": [], "excluded_lines": []}}, "classes": {"WorkoutTemplateBase": {"executed_lines": [], "summary": {"covered_lines": 0, "num_statements": 0, "percent_covered": 100.0, "percent_covered_display": "100", "missing_lines": 0, "excluded_lines": 0}, "missing_lines": [], "excluded_lines": []}, "WorkoutTemplateCreate": {"executed_lines": [], "summary": {"covered_lines": 0, "num_statements": 0, "percent_covered": 100.0, "percent_covered_display": "100", "missing_lines": 0, "excluded_lines": 0}, "missing_lines": [], "excluded_lines": []}, "WorkoutTemplateUpdate": {"executed_lines": [], "summary": {"covered_lines": 0, "num_statements": 0, "percent_covered": 100.0, "percent_covered_display": "100", "missing_lines": 0, "excluded_lines": 0}, "missing_lines": [], "excluded_lines": []}, "WorkoutTemplateRead": {"executed_lines": [], "summary": {"covered_lines": 0, "num_statements": 0, "percent_covered": 100.0, "percent_covered_display": "100", "missing_lines": 0, "excluded_lines": 0}, "missing_lines": [], "excluded_lines": []}, "": {"executed_lines": [1, 2, 4, 7, 8, 9, 10, 11, 14, 15, 18, 19, 20, 21, 22, 25, 26, 27, 28, 29], "summary": {"covered_lines": 20, "num_statements": 20, "percent_covered": 100.0, "percent_covered_display": "100", "missing_lines": 0, "excluded_lines": 0}, "missing_lines": [], "excluded_lines": []}}}}, "totals": {"covered_lines": 2483, "num_statements": 4408, "percent_covered": 56.32940108892922, "percent_covered_display": "56", "missing_lines": 1925, "excluded_lines": 12}}